{"/Users/zainfarooki/QueueSystem/hardcode-backend/src/store.js": {"path":"/Users/zainfarooki/QueueSystem/hardcode-backend/src/store.js","statementMap":{"0":{"start":{"line":4,"column":14},"end":{"line":19,"column":1}},"1":{"start":{"line":22,"column":17},"end":{"line":47,"column":1}},"2":{"start":{"line":51,"column":15},"end":{"line":51,"column":17}},"3":{"start":{"line":54,"column":22},"end":{"line":54,"column":24}},"4":{"start":{"line":57,"column":16},"end":{"line":72,"column":1}},"5":{"start":{"line":75,"column":17},"end":{"line":75,"column":18}},"6":{"start":{"line":76,"column":20},"end":{"line":76,"column":21}},"7":{"start":{"line":77,"column":18},"end":{"line":77,"column":19}},"8":{"start":{"line":78,"column":18},"end":{"line":78,"column":19}},"9":{"start":{"line":79,"column":20},"end":{"line":79,"column":23}},"10":{"start":{"line":81,"column":23},"end":{"line":81,"column":41}},"11":{"start":{"line":81,"column":29},"end":{"line":81,"column":41}},"12":{"start":{"line":82,"column":23},"end":{"line":82,"column":44}},"13":{"start":{"line":82,"column":29},"end":{"line":82,"column":44}},"14":{"start":{"line":83,"column":23},"end":{"line":83,"column":42}},"15":{"start":{"line":83,"column":29},"end":{"line":83,"column":42}},"16":{"start":{"line":84,"column":23},"end":{"line":84,"column":42}},"17":{"start":{"line":84,"column":29},"end":{"line":84,"column":42}},"18":{"start":{"line":85,"column":23},"end":{"line":85,"column":44}},"19":{"start":{"line":85,"column":29},"end":{"line":85,"column":44}},"20":{"start":{"line":87,"column":0},"end":{"line":98,"column":2}}},"fnMap":{"0":{"name":"(anonymous_0)","decl":{"start":{"line":81,"column":23},"end":{"line":81,"column":24}},"loc":{"start":{"line":81,"column":29},"end":{"line":81,"column":41}},"line":81},"1":{"name":"(anonymous_1)","decl":{"start":{"line":82,"column":23},"end":{"line":82,"column":24}},"loc":{"start":{"line":82,"column":29},"end":{"line":82,"column":44}},"line":82},"2":{"name":"(anonymous_2)","decl":{"start":{"line":83,"column":23},"end":{"line":83,"column":24}},"loc":{"start":{"line":83,"column":29},"end":{"line":83,"column":42}},"line":83},"3":{"name":"(anonymous_3)","decl":{"start":{"line":84,"column":23},"end":{"line":84,"column":24}},"loc":{"start":{"line":84,"column":29},"end":{"line":84,"column":42}},"line":84},"4":{"name":"(anonymous_4)","decl":{"start":{"line":85,"column":23},"end":{"line":85,"column":24}},"loc":{"start":{"line":85,"column":29},"end":{"line":85,"column":44}},"line":85}},"branchMap":{},"s":{"0":4,"1":4,"2":4,"3":4,"4":4,"5":4,"6":4,"7":4,"8":4,"9":4,"10":4,"11":4,"12":4,"13":2,"14":4,"15":20,"16":4,"17":36,"18":4,"19":8,"20":4},"f":{"0":4,"1":2,"2":20,"3":36,"4":8},"b":{},"_coverageSchema":"1a1c01bbd47fc00a2c39e90264f33305004495a9","hash":"10159603b220b38e1572ef4720da2a5c4a632b08"}
,"/Users/zainfarooki/QueueSystem/hardcode-backend/src/modules/auth.js": {"path":"/Users/zainfarooki/QueueSystem/hardcode-backend/src/modules/auth.js","statementMap":{"0":{"start":{"line":1,"column":14},"end":{"line":1,"column":33}},"1":{"start":{"line":5,"column":2},"end":{"line":6,"column":56}},"2":{"start":{"line":6,"column":4},"end":{"line":6,"column":56}},"3":{"start":{"line":7,"column":2},"end":{"line":8,"column":76}},"4":{"start":{"line":8,"column":4},"end":{"line":8,"column":76}},"5":{"start":{"line":10,"column":2},"end":{"line":11,"column":57}},"6":{"start":{"line":11,"column":4},"end":{"line":11,"column":57}},"7":{"start":{"line":12,"column":2},"end":{"line":13,"column":61}},"8":{"start":{"line":13,"column":4},"end":{"line":13,"column":61}},"9":{"start":{"line":15,"column":2},"end":{"line":16,"column":60}},"10":{"start":{"line":16,"column":4},"end":{"line":16,"column":60}},"11":{"start":{"line":17,"column":2},"end":{"line":18,"column":78}},"12":{"start":{"line":18,"column":4},"end":{"line":18,"column":78}},"13":{"start":{"line":19,"column":2},"end":{"line":20,"column":80}},"14":{"start":{"line":20,"column":4},"end":{"line":20,"column":80}},"15":{"start":{"line":22,"column":2},"end":{"line":22,"column":25}},"16":{"start":{"line":27,"column":2},"end":{"line":28,"column":57}},"17":{"start":{"line":28,"column":4},"end":{"line":28,"column":57}},"18":{"start":{"line":29,"column":2},"end":{"line":30,"column":60}},"19":{"start":{"line":30,"column":4},"end":{"line":30,"column":60}},"20":{"start":{"line":31,"column":2},"end":{"line":31,"column":25}},"21":{"start":{"line":36,"column":16},"end":{"line":36,"column":63}},"22":{"start":{"line":37,"column":2},"end":{"line":37,"column":66}},"23":{"start":{"line":37,"column":20},"end":{"line":37,"column":66}},"24":{"start":{"line":39,"column":26},"end":{"line":39,"column":52}},"25":{"start":{"line":42,"column":19},"end":{"line":44,"column":3}},"26":{"start":{"line":43,"column":11},"end":{"line":43,"column":52}},"27":{"start":{"line":45,"column":2},"end":{"line":45,"column":78}},"28":{"start":{"line":45,"column":16},"end":{"line":45,"column":78}},"29":{"start":{"line":47,"column":18},"end":{"line":53,"column":3}},"30":{"start":{"line":55,"column":2},"end":{"line":55,"column":28}},"31":{"start":{"line":58,"column":43},"end":{"line":58,"column":50}},"32":{"start":{"line":59,"column":2},"end":{"line":59,"column":43}},"33":{"start":{"line":64,"column":16},"end":{"line":64,"column":50}},"34":{"start":{"line":65,"column":2},"end":{"line":65,"column":66}},"35":{"start":{"line":65,"column":20},"end":{"line":65,"column":66}},"36":{"start":{"line":67,"column":16},"end":{"line":71,"column":3}},"37":{"start":{"line":69,"column":6},"end":{"line":70,"column":29}},"38":{"start":{"line":73,"column":2},"end":{"line":73,"column":77}},"39":{"start":{"line":73,"column":14},"end":{"line":73,"column":77}},"40":{"start":{"line":75,"column":43},"end":{"line":75,"column":48}},"41":{"start":{"line":76,"column":2},"end":{"line":76,"column":43}},"42":{"start":{"line":79,"column":0},"end":{"line":79,"column":74}}},"fnMap":{"0":{"name":"validateRegistration","decl":{"start":{"line":4,"column":9},"end":{"line":4,"column":29}},"loc":{"start":{"line":4,"column":57},"end":{"line":23,"column":1}},"line":4},"1":{"name":"validateLogin","decl":{"start":{"line":26,"column":9},"end":{"line":26,"column":22}},"loc":{"start":{"line":26,"column":44},"end":{"line":32,"column":1}},"line":26},"2":{"name":"register","decl":{"start":{"line":35,"column":9},"end":{"line":35,"column":17}},"loc":{"start":{"line":35,"column":45},"end":{"line":60,"column":1}},"line":35},"3":{"name":"(anonymous_3)","decl":{"start":{"line":43,"column":4},"end":{"line":43,"column":5}},"loc":{"start":{"line":43,"column":11},"end":{"line":43,"column":52}},"line":43},"4":{"name":"login","decl":{"start":{"line":63,"column":9},"end":{"line":63,"column":14}},"loc":{"start":{"line":63,"column":36},"end":{"line":77,"column":1}},"line":63},"5":{"name":"(anonymous_5)","decl":{"start":{"line":68,"column":4},"end":{"line":68,"column":5}},"loc":{"start":{"line":69,"column":6},"end":{"line":70,"column":29}},"line":69}},"branchMap":{"0":{"loc":{"start":{"line":5,"column":2},"end":{"line":6,"column":56}},"type":"if","locations":[{"start":{"line":5,"column":2},"end":{"line":6,"column":56}},{"start":{},"end":{}}],"line":5},"1":{"loc":{"start":{"line":5,"column":6},"end":{"line":5,"column":67}},"type":"binary-expr","locations":[{"start":{"line":5,"column":6},"end":{"line":5,"column":11}},{"start":{"line":5,"column":15},"end":{"line":5,"column":39}},{"start":{"line":5,"column":43},"end":{"line":5,"column":67}}],"line":5},"2":{"loc":{"start":{"line":7,"column":2},"end":{"line":8,"column":76}},"type":"if","locations":[{"start":{"line":7,"column":2},"end":{"line":8,"column":76}},{"start":{},"end":{}}],"line":7},"3":{"loc":{"start":{"line":10,"column":2},"end":{"line":11,"column":57}},"type":"if","locations":[{"start":{"line":10,"column":2},"end":{"line":11,"column":57}},{"start":{},"end":{}}],"line":10},"4":{"loc":{"start":{"line":10,"column":6},"end":{"line":10,"column":41}},"type":"binary-expr","locations":[{"start":{"line":10,"column":6},"end":{"line":10,"column":12}},{"start":{"line":10,"column":16},"end":{"line":10,"column":41}}],"line":10},"5":{"loc":{"start":{"line":12,"column":2},"end":{"line":13,"column":61}},"type":"if","locations":[{"start":{"line":12,"column":2},"end":{"line":13,"column":61}},{"start":{},"end":{}}],"line":12},"6":{"loc":{"start":{"line":15,"column":2},"end":{"line":16,"column":60}},"type":"if","locations":[{"start":{"line":15,"column":2},"end":{"line":16,"column":60}},{"start":{},"end":{}}],"line":15},"7":{"loc":{"start":{"line":15,"column":6},"end":{"line":15,"column":47}},"type":"binary-expr","locations":[{"start":{"line":15,"column":6},"end":{"line":15,"column":15}},{"start":{"line":15,"column":19},"end":{"line":15,"column":47}}],"line":15},"8":{"loc":{"start":{"line":17,"column":2},"end":{"line":18,"column":78}},"type":"if","locations":[{"start":{"line":17,"column":2},"end":{"line":18,"column":78}},{"start":{},"end":{}}],"line":17},"9":{"loc":{"start":{"line":19,"column":2},"end":{"line":20,"column":80}},"type":"if","locations":[{"start":{"line":19,"column":2},"end":{"line":20,"column":80}},{"start":{},"end":{}}],"line":19},"10":{"loc":{"start":{"line":27,"column":2},"end":{"line":28,"column":57}},"type":"if","locations":[{"start":{"line":27,"column":2},"end":{"line":28,"column":57}},{"start":{},"end":{}}],"line":27},"11":{"loc":{"start":{"line":27,"column":6},"end":{"line":27,"column":70}},"type":"binary-expr","locations":[{"start":{"line":27,"column":6},"end":{"line":27,"column":12}},{"start":{"line":27,"column":16},"end":{"line":27,"column":41}},{"start":{"line":27,"column":45},"end":{"line":27,"column":70}}],"line":27},"12":{"loc":{"start":{"line":29,"column":2},"end":{"line":30,"column":60}},"type":"if","locations":[{"start":{"line":29,"column":2},"end":{"line":30,"column":60}},{"start":{},"end":{}}],"line":29},"13":{"loc":{"start":{"line":29,"column":6},"end":{"line":29,"column":79}},"type":"binary-expr","locations":[{"start":{"line":29,"column":6},"end":{"line":29,"column":15}},{"start":{"line":29,"column":19},"end":{"line":29,"column":47}},{"start":{"line":29,"column":51},"end":{"line":29,"column":79}}],"line":29},"14":{"loc":{"start":{"line":37,"column":2},"end":{"line":37,"column":66}},"type":"if","locations":[{"start":{"line":37,"column":2},"end":{"line":37,"column":66}},{"start":{},"end":{}}],"line":37},"15":{"loc":{"start":{"line":45,"column":2},"end":{"line":45,"column":78}},"type":"if","locations":[{"start":{"line":45,"column":2},"end":{"line":45,"column":78}},{"start":{},"end":{}}],"line":45},"16":{"loc":{"start":{"line":65,"column":2},"end":{"line":65,"column":66}},"type":"if","locations":[{"start":{"line":65,"column":2},"end":{"line":65,"column":66}},{"start":{},"end":{}}],"line":65},"17":{"loc":{"start":{"line":69,"column":6},"end":{"line":70,"column":29}},"type":"binary-expr","locations":[{"start":{"line":69,"column":6},"end":{"line":69,"column":58}},{"start":{"line":70,"column":6},"end":{"line":70,"column":29}}],"line":69},"18":{"loc":{"start":{"line":73,"column":2},"end":{"line":73,"column":77}},"type":"if","locations":[{"start":{"line":73,"column":2},"end":{"line":73,"column":77}},{"start":{},"end":{}}],"line":73}},"s":{"0":1,"1":14,"2":1,"3":13,"4":1,"5":12,"6":0,"7":12,"8":2,"9":10,"10":1,"11":9,"12":1,"13":8,"14":1,"15":7,"16":7,"17":1,"18":6,"19":1,"20":5,"21":7,"22":7,"23":1,"24":6,"25":6,"26":14,"27":6,"28":2,"29":4,"30":4,"31":4,"32":4,"33":7,"34":7,"35":2,"36":5,"37":8,"38":5,"39":2,"40":3,"41":3,"42":1},"f":{"0":14,"1":7,"2":7,"3":14,"4":7,"5":8},"b":{"0":[1,13],"1":[14,13,13],"2":[1,12],"3":[0,12],"4":[12,12],"5":[2,10],"6":[1,9],"7":[10,9],"8":[1,8],"9":[1,7],"10":[1,6],"11":[7,6,6],"12":[1,5],"13":[6,5,5],"14":[1,6],"15":[2,4],"16":[2,5],"17":[8,4],"18":[2,3]},"_coverageSchema":"1a1c01bbd47fc00a2c39e90264f33305004495a9","hash":"1f8cc8c3cfd18431094902255e46670ba700ce5e"}
,"/Users/zainfarooki/QueueSystem/hardcode-backend/src/modules/history.js": {"path":"/Users/zainfarooki/QueueSystem/hardcode-backend/src/modules/history.js","statementMap":{"0":{"start":{"line":6,"column":14},"end":{"line":6,"column":33}},"1":{"start":{"line":12,"column":2},"end":{"line":14,"column":57}},"2":{"start":{"line":13,"column":19},"end":{"line":13,"column":38}},"3":{"start":{"line":14,"column":20},"end":{"line":14,"column":55}},"4":{"start":{"line":21,"column":2},"end":{"line":23,"column":4}},"5":{"start":{"line":22,"column":14},"end":{"line":22,"column":49}},"6":{"start":{"line":26,"column":0},"end":{"line":26,"column":51}}},"fnMap":{"0":{"name":"getUserHistory","decl":{"start":{"line":11,"column":9},"end":{"line":11,"column":23}},"loc":{"start":{"line":11,"column":32},"end":{"line":15,"column":1}},"line":11},"1":{"name":"(anonymous_1)","decl":{"start":{"line":13,"column":12},"end":{"line":13,"column":13}},"loc":{"start":{"line":13,"column":19},"end":{"line":13,"column":38}},"line":13},"2":{"name":"(anonymous_2)","decl":{"start":{"line":14,"column":10},"end":{"line":14,"column":11}},"loc":{"start":{"line":14,"column":20},"end":{"line":14,"column":55}},"line":14},"3":{"name":"getAllHistory","decl":{"start":{"line":20,"column":9},"end":{"line":20,"column":22}},"loc":{"start":{"line":20,"column":25},"end":{"line":24,"column":1}},"line":20},"4":{"name":"(anonymous_4)","decl":{"start":{"line":22,"column":4},"end":{"line":22,"column":5}},"loc":{"start":{"line":22,"column":14},"end":{"line":22,"column":49}},"line":22}},"branchMap":{},"s":{"0":1,"1":3,"2":6,"3":2,"4":1,"5":1,"6":1},"f":{"0":3,"1":6,"2":2,"3":1,"4":1},"b":{},"_coverageSchema":"1a1c01bbd47fc00a2c39e90264f33305004495a9","hash":"474f01f6a52d8697f9b7540150d211859e06f0b1"}
,"/Users/zainfarooki/QueueSystem/hardcode-backend/src/modules/notifications.js": {"path":"/Users/zainfarooki/QueueSystem/hardcode-backend/src/modules/notifications.js","statementMap":{"0":{"start":{"line":1,"column":14},"end":{"line":1,"column":33}},"1":{"start":{"line":5,"column":16},"end":{"line":12,"column":3}},"2":{"start":{"line":13,"column":2},"end":{"line":13,"column":34}},"3":{"start":{"line":14,"column":2},"end":{"line":14,"column":15}},"4":{"start":{"line":19,"column":2},"end":{"line":21,"column":33}},"5":{"start":{"line":20,"column":19},"end":{"line":20,"column":38}},"6":{"start":{"line":21,"column":20},"end":{"line":21,"column":31}},"7":{"start":{"line":26,"column":14},"end":{"line":26,"column":76}},"8":{"start":{"line":26,"column":51},"end":{"line":26,"column":75}},"9":{"start":{"line":27,"column":2},"end":{"line":27,"column":78}},"10":{"start":{"line":27,"column":18},"end":{"line":27,"column":78}},"11":{"start":{"line":28,"column":2},"end":{"line":28,"column":39}},"12":{"start":{"line":29,"column":2},"end":{"line":29,"column":27}},"13":{"start":{"line":34,"column":2},"end":{"line":37,"column":37}},"14":{"start":{"line":36,"column":19},"end":{"line":36,"column":38}},"15":{"start":{"line":37,"column":21},"end":{"line":37,"column":34}},"16":{"start":{"line":38,"column":2},"end":{"line":38,"column":27}},"17":{"start":{"line":41,"column":0},"end":{"line":41,"column":82}}},"fnMap":{"0":{"name":"triggerNotification","decl":{"start":{"line":4,"column":9},"end":{"line":4,"column":28}},"loc":{"start":{"line":4,"column":56},"end":{"line":15,"column":1}},"line":4},"1":{"name":"getNotifications","decl":{"start":{"line":18,"column":9},"end":{"line":18,"column":25}},"loc":{"start":{"line":18,"column":34},"end":{"line":22,"column":1}},"line":18},"2":{"name":"(anonymous_2)","decl":{"start":{"line":20,"column":12},"end":{"line":20,"column":13}},"loc":{"start":{"line":20,"column":19},"end":{"line":20,"column":38}},"line":20},"3":{"name":"(anonymous_3)","decl":{"start":{"line":21,"column":10},"end":{"line":21,"column":11}},"loc":{"start":{"line":21,"column":20},"end":{"line":21,"column":31}},"line":21},"4":{"name":"markRead","decl":{"start":{"line":24,"column":9},"end":{"line":24,"column":17}},"loc":{"start":{"line":24,"column":27},"end":{"line":30,"column":1}},"line":24},"5":{"name":"(anonymous_5)","decl":{"start":{"line":26,"column":44},"end":{"line":26,"column":45}},"loc":{"start":{"line":26,"column":51},"end":{"line":26,"column":75}},"line":26},"6":{"name":"markAllRead","decl":{"start":{"line":33,"column":9},"end":{"line":33,"column":20}},"loc":{"start":{"line":33,"column":29},"end":{"line":39,"column":1}},"line":33},"7":{"name":"(anonymous_7)","decl":{"start":{"line":36,"column":12},"end":{"line":36,"column":13}},"loc":{"start":{"line":36,"column":19},"end":{"line":36,"column":38}},"line":36},"8":{"name":"(anonymous_8)","decl":{"start":{"line":37,"column":13},"end":{"line":37,"column":14}},"loc":{"start":{"line":37,"column":21},"end":{"line":37,"column":34}},"line":37}},"branchMap":{"0":{"loc":{"start":{"line":27,"column":2},"end":{"line":27,"column":78}},"type":"if","locations":[{"start":{"line":27,"column":2},"end":{"line":27,"column":78}},{"start":{},"end":{}}],"line":27}},"s":{"0":2,"1":36,"2":36,"3":36,"4":3,"5":4,"6":1,"7":2,"8":1,"9":2,"10":1,"11":1,"12":1,"13":2,"14":4,"15":3,"16":2,"17":2},"f":{"0":36,"1":3,"2":4,"3":1,"4":2,"5":1,"6":2,"7":4,"8":3},"b":{"0":[1,1]},"_coverageSchema":"1a1c01bbd47fc00a2c39e90264f33305004495a9","hash":"7a40a5f983a2594aef3f31f55a2de422766a6ef8"}
,"/Users/zainfarooki/QueueSystem/hardcode-backend/src/modules/queue.js": {"path":"/Users/zainfarooki/QueueSystem/hardcode-backend/src/modules/queue.js","statementMap":{"0":{"start":{"line":6,"column":14},"end":{"line":6,"column":33}},"1":{"start":{"line":7,"column":20},"end":{"line":7,"column":46}},"2":{"start":{"line":14,"column":2},"end":{"line":14,"column":30}},"3":{"start":{"line":14,"column":21},"end":{"line":14,"column":30}},"4":{"start":{"line":15,"column":2},"end":{"line":15,"column":42}},"5":{"start":{"line":19,"column":14},"end":{"line":19,"column":31}},"6":{"start":{"line":20,"column":2},"end":{"line":23,"column":65}},"7":{"start":{"line":22,"column":19},"end":{"line":22,"column":64}},"8":{"start":{"line":23,"column":20},"end":{"line":23,"column":63}},"9":{"start":{"line":28,"column":14},"end":{"line":28,"column":31}},"10":{"start":{"line":31,"column":2},"end":{"line":31,"column":71}},"11":{"start":{"line":31,"column":15},"end":{"line":31,"column":71}},"12":{"start":{"line":32,"column":2},"end":{"line":33,"column":62}},"13":{"start":{"line":33,"column":4},"end":{"line":33,"column":62}},"14":{"start":{"line":34,"column":2},"end":{"line":34,"column":71}},"15":{"start":{"line":34,"column":12},"end":{"line":34,"column":71}},"16":{"start":{"line":37,"column":18},"end":{"line":37,"column":58}},"17":{"start":{"line":37,"column":45},"end":{"line":37,"column":57}},"18":{"start":{"line":38,"column":2},"end":{"line":38,"column":71}},"19":{"start":{"line":38,"column":16},"end":{"line":38,"column":71}},"20":{"start":{"line":39,"column":2},"end":{"line":39,"column":91}},"21":{"start":{"line":39,"column":21},"end":{"line":39,"column":91}},"22":{"start":{"line":42,"column":20},"end":{"line":44,"column":3}},"23":{"start":{"line":43,"column":11},"end":{"line":43,"column":79}},"24":{"start":{"line":45,"column":2},"end":{"line":45,"column":84}},"25":{"start":{"line":45,"column":17},"end":{"line":45,"column":84}},"26":{"start":{"line":47,"column":23},"end":{"line":47,"column":36}},"27":{"start":{"line":48,"column":19},"end":{"line":48,"column":42}},"28":{"start":{"line":49,"column":14},"end":{"line":49,"column":73}},"29":{"start":{"line":51,"column":16},"end":{"line":61,"column":3}},"30":{"start":{"line":63,"column":2},"end":{"line":63,"column":27}},"31":{"start":{"line":66,"column":2},"end":{"line":70,"column":5}},"32":{"start":{"line":72,"column":2},"end":{"line":72,"column":34}},"33":{"start":{"line":77,"column":14},"end":{"line":77,"column":31}},"34":{"start":{"line":78,"column":14},"end":{"line":80,"column":3}},"35":{"start":{"line":79,"column":11},"end":{"line":79,"column":79}},"36":{"start":{"line":81,"column":2},"end":{"line":82,"column":67}},"37":{"start":{"line":82,"column":4},"end":{"line":82,"column":67}},"38":{"start":{"line":84,"column":16},"end":{"line":84,"column":33}},"39":{"start":{"line":87,"column":2},"end":{"line":93,"column":5}},"40":{"start":{"line":96,"column":2},"end":{"line":96,"column":30}},"41":{"start":{"line":99,"column":2},"end":{"line":99,"column":24}},"42":{"start":{"line":101,"column":2},"end":{"line":101,"column":27}},"43":{"start":{"line":106,"column":14},"end":{"line":106,"column":31}},"44":{"start":{"line":107,"column":18},"end":{"line":107,"column":58}},"45":{"start":{"line":107,"column":45},"end":{"line":107,"column":57}},"46":{"start":{"line":108,"column":2},"end":{"line":108,"column":71}},"47":{"start":{"line":108,"column":16},"end":{"line":108,"column":71}},"48":{"start":{"line":110,"column":23},"end":{"line":110,"column":36}},"49":{"start":{"line":111,"column":2},"end":{"line":112,"column":56}},"50":{"start":{"line":112,"column":4},"end":{"line":112,"column":56}},"51":{"start":{"line":114,"column":20},"end":{"line":114,"column":35}},"52":{"start":{"line":115,"column":14},"end":{"line":115,"column":66}},"53":{"start":{"line":115,"column":44},"end":{"line":115,"column":65}},"54":{"start":{"line":118,"column":2},"end":{"line":124,"column":5}},"55":{"start":{"line":127,"column":2},"end":{"line":127,"column":30}},"56":{"start":{"line":130,"column":2},"end":{"line":130,"column":24}},"57":{"start":{"line":131,"column":2},"end":{"line":131,"column":34}},"58":{"start":{"line":133,"column":2},"end":{"line":133,"column":59}},"59":{"start":{"line":138,"column":16},"end":{"line":140,"column":3}},"60":{"start":{"line":139,"column":11},"end":{"line":139,"column":56}},"61":{"start":{"line":141,"column":2},"end":{"line":141,"column":26}},"62":{"start":{"line":141,"column":14},"end":{"line":141,"column":26}},"63":{"start":{"line":142,"column":2},"end":{"line":142,"column":22}},"64":{"start":{"line":147,"column":18},"end":{"line":147,"column":37}},"65":{"start":{"line":148,"column":18},"end":{"line":148,"column":64}},"66":{"start":{"line":148,"column":45},"end":{"line":148,"column":63}},"67":{"start":{"line":149,"column":2},"end":{"line":149,"column":23}},"68":{"start":{"line":149,"column":16},"end":{"line":149,"column":23}},"69":{"start":{"line":151,"column":2},"end":{"line":158,"column":5}},"70":{"start":{"line":152,"column":21},"end":{"line":152,"column":69}},"71":{"start":{"line":152,"column":51},"end":{"line":152,"column":68}},"72":{"start":{"line":153,"column":4},"end":{"line":157,"column":5}},"73":{"start":{"line":154,"column":6},"end":{"line":154,"column":46}},"74":{"start":{"line":155,"column":6},"end":{"line":156,"column":65}},"75":{"start":{"line":162,"column":18},"end":{"line":162,"column":37}},"76":{"start":{"line":164,"column":2},"end":{"line":170,"column":5}},"77":{"start":{"line":165,"column":4},"end":{"line":169,"column":7}},"78":{"start":{"line":173,"column":0},"end":{"line":180,"column":2}}},"fnMap":{"0":{"name":"estimateWait","decl":{"start":{"line":13,"column":9},"end":{"line":13,"column":21}},"loc":{"start":{"line":13,"column":49},"end":{"line":16,"column":1}},"line":13},"1":{"name":"getQueue","decl":{"start":{"line":18,"column":9},"end":{"line":18,"column":17}},"loc":{"start":{"line":18,"column":29},"end":{"line":24,"column":1}},"line":18},"2":{"name":"(anonymous_2)","decl":{"start":{"line":22,"column":12},"end":{"line":22,"column":13}},"loc":{"start":{"line":22,"column":19},"end":{"line":22,"column":64}},"line":22},"3":{"name":"(anonymous_3)","decl":{"start":{"line":23,"column":10},"end":{"line":23,"column":11}},"loc":{"start":{"line":23,"column":20},"end":{"line":23,"column":63}},"line":23},"4":{"name":"joinQueue","decl":{"start":{"line":27,"column":9},"end":{"line":27,"column":18}},"loc":{"start":{"line":27,"column":52},"end":{"line":73,"column":1}},"line":27},"5":{"name":"(anonymous_5)","decl":{"start":{"line":37,"column":38},"end":{"line":37,"column":39}},"loc":{"start":{"line":37,"column":45},"end":{"line":37,"column":57}},"line":37},"6":{"name":"(anonymous_6)","decl":{"start":{"line":43,"column":4},"end":{"line":43,"column":5}},"loc":{"start":{"line":43,"column":11},"end":{"line":43,"column":79}},"line":43},"7":{"name":"leaveQueue","decl":{"start":{"line":76,"column":9},"end":{"line":76,"column":19}},"loc":{"start":{"line":76,"column":43},"end":{"line":102,"column":1}},"line":76},"8":{"name":"(anonymous_8)","decl":{"start":{"line":79,"column":4},"end":{"line":79,"column":5}},"loc":{"start":{"line":79,"column":11},"end":{"line":79,"column":79}},"line":79},"9":{"name":"serveNext","decl":{"start":{"line":105,"column":9},"end":{"line":105,"column":18}},"loc":{"start":{"line":105,"column":30},"end":{"line":134,"column":1}},"line":105},"10":{"name":"(anonymous_10)","decl":{"start":{"line":107,"column":38},"end":{"line":107,"column":39}},"loc":{"start":{"line":107,"column":45},"end":{"line":107,"column":57}},"line":107},"11":{"name":"(anonymous_11)","decl":{"start":{"line":115,"column":37},"end":{"line":115,"column":38}},"loc":{"start":{"line":115,"column":44},"end":{"line":115,"column":65}},"line":115},"12":{"name":"getUserStatus","decl":{"start":{"line":137,"column":9},"end":{"line":137,"column":22}},"loc":{"start":{"line":137,"column":31},"end":{"line":143,"column":1}},"line":137},"13":{"name":"(anonymous_13)","decl":{"start":{"line":139,"column":4},"end":{"line":139,"column":5}},"loc":{"start":{"line":139,"column":11},"end":{"line":139,"column":56}},"line":139},"14":{"name":"_recalcPositions","decl":{"start":{"line":146,"column":9},"end":{"line":146,"column":25}},"loc":{"start":{"line":146,"column":37},"end":{"line":159,"column":1}},"line":146},"15":{"name":"(anonymous_15)","decl":{"start":{"line":148,"column":38},"end":{"line":148,"column":39}},"loc":{"start":{"line":148,"column":45},"end":{"line":148,"column":63}},"line":148},"16":{"name":"(anonymous_16)","decl":{"start":{"line":151,"column":18},"end":{"line":151,"column":19}},"loc":{"start":{"line":151,"column":32},"end":{"line":158,"column":3}},"line":151},"17":{"name":"(anonymous_17)","decl":{"start":{"line":152,"column":44},"end":{"line":152,"column":45}},"loc":{"start":{"line":152,"column":51},"end":{"line":152,"column":68}},"line":152},"18":{"name":"_checkAlmostReady","decl":{"start":{"line":161,"column":9},"end":{"line":161,"column":26}},"loc":{"start":{"line":161,"column":47},"end":{"line":171,"column":1}},"line":161},"19":{"name":"(anonymous_19)","decl":{"start":{"line":164,"column":30},"end":{"line":164,"column":31}},"loc":{"start":{"line":164,"column":41},"end":{"line":170,"column":3}},"line":164}},"branchMap":{"0":{"loc":{"start":{"line":14,"column":2},"end":{"line":14,"column":30}},"type":"if","locations":[{"start":{"line":14,"column":2},"end":{"line":14,"column":30}},{"start":{},"end":{}}],"line":14},"1":{"loc":{"start":{"line":22,"column":19},"end":{"line":22,"column":64}},"type":"binary-expr","locations":[{"start":{"line":22,"column":19},"end":{"line":22,"column":38}},{"start":{"line":22,"column":42},"end":{"line":22,"column":64}}],"line":22},"2":{"loc":{"start":{"line":31,"column":2},"end":{"line":31,"column":71}},"type":"if","locations":[{"start":{"line":31,"column":2},"end":{"line":31,"column":71}},{"start":{},"end":{}}],"line":31},"3":{"loc":{"start":{"line":32,"column":2},"end":{"line":33,"column":62}},"type":"if","locations":[{"start":{"line":32,"column":2},"end":{"line":33,"column":62}},{"start":{},"end":{}}],"line":32},"4":{"loc":{"start":{"line":32,"column":6},"end":{"line":32,"column":79}},"type":"binary-expr","locations":[{"start":{"line":32,"column":6},"end":{"line":32,"column":15}},{"start":{"line":32,"column":19},"end":{"line":32,"column":47}},{"start":{"line":32,"column":51},"end":{"line":32,"column":79}}],"line":32},"5":{"loc":{"start":{"line":34,"column":2},"end":{"line":34,"column":71}},"type":"if","locations":[{"start":{"line":34,"column":2},"end":{"line":34,"column":71}},{"start":{},"end":{}}],"line":34},"6":{"loc":{"start":{"line":38,"column":2},"end":{"line":38,"column":71}},"type":"if","locations":[{"start":{"line":38,"column":2},"end":{"line":38,"column":71}},{"start":{},"end":{}}],"line":38},"7":{"loc":{"start":{"line":39,"column":2},"end":{"line":39,"column":91}},"type":"if","locations":[{"start":{"line":39,"column":2},"end":{"line":39,"column":91}},{"start":{},"end":{}}],"line":39},"8":{"loc":{"start":{"line":43,"column":11},"end":{"line":43,"column":79}},"type":"binary-expr","locations":[{"start":{"line":43,"column":11},"end":{"line":43,"column":30}},{"start":{"line":43,"column":34},"end":{"line":43,"column":53}},{"start":{"line":43,"column":57},"end":{"line":43,"column":79}}],"line":43},"9":{"loc":{"start":{"line":45,"column":2},"end":{"line":45,"column":84}},"type":"if","locations":[{"start":{"line":45,"column":2},"end":{"line":45,"column":84}},{"start":{},"end":{}}],"line":45},"10":{"loc":{"start":{"line":79,"column":11},"end":{"line":79,"column":79}},"type":"binary-expr","locations":[{"start":{"line":79,"column":11},"end":{"line":79,"column":30}},{"start":{"line":79,"column":34},"end":{"line":79,"column":53}},{"start":{"line":79,"column":57},"end":{"line":79,"column":79}}],"line":79},"11":{"loc":{"start":{"line":81,"column":2},"end":{"line":82,"column":67}},"type":"if","locations":[{"start":{"line":81,"column":2},"end":{"line":82,"column":67}},{"start":{},"end":{}}],"line":81},"12":{"loc":{"start":{"line":108,"column":2},"end":{"line":108,"column":71}},"type":"if","locations":[{"start":{"line":108,"column":2},"end":{"line":108,"column":71}},{"start":{},"end":{}}],"line":108},"13":{"loc":{"start":{"line":111,"column":2},"end":{"line":112,"column":56}},"type":"if","locations":[{"start":{"line":111,"column":2},"end":{"line":112,"column":56}},{"start":{},"end":{}}],"line":111},"14":{"loc":{"start":{"line":139,"column":11},"end":{"line":139,"column":56}},"type":"binary-expr","locations":[{"start":{"line":139,"column":11},"end":{"line":139,"column":30}},{"start":{"line":139,"column":34},"end":{"line":139,"column":56}}],"line":139},"15":{"loc":{"start":{"line":141,"column":2},"end":{"line":141,"column":26}},"type":"if","locations":[{"start":{"line":141,"column":2},"end":{"line":141,"column":26}},{"start":{},"end":{}}],"line":141},"16":{"loc":{"start":{"line":149,"column":2},"end":{"line":149,"column":23}},"type":"if","locations":[{"start":{"line":149,"column":2},"end":{"line":149,"column":23}},{"start":{},"end":{}}],"line":149},"17":{"loc":{"start":{"line":153,"column":4},"end":{"line":157,"column":5}},"type":"if","locations":[{"start":{"line":153,"column":4},"end":{"line":157,"column":5}},{"start":{},"end":{}}],"line":153}},"s":{"0":1,"1":1,"2":29,"3":1,"4":28,"5":40,"6":40,"7":27,"8":10,"9":25,"10":25,"11":1,"12":24,"13":1,"14":23,"15":0,"16":23,"17":26,"18":23,"19":1,"20":22,"21":1,"22":21,"23":9,"24":21,"25":1,"26":20,"27":20,"28":20,"29":20,"30":20,"31":20,"32":20,"33":5,"34":5,"35":4,"36":5,"37":1,"38":4,"39":4,"40":4,"41":4,"42":4,"43":6,"44":6,"45":8,"46":6,"47":1,"48":5,"49":5,"50":1,"51":4,"52":4,"53":4,"54":4,"55":4,"56":4,"57":4,"58":4,"59":3,"60":1,"61":3,"62":2,"63":1,"64":8,"65":8,"66":8,"67":8,"68":0,"69":8,"70":5,"71":7,"72":5,"73":5,"74":5,"75":4,"76":4,"77":3,"78":1},"f":{"0":29,"1":40,"2":27,"3":10,"4":25,"5":26,"6":9,"7":5,"8":4,"9":6,"10":8,"11":4,"12":3,"13":1,"14":8,"15":8,"16":5,"17":7,"18":4,"19":3},"b":{"0":[1,28],"1":[27,27],"2":[1,24],"3":[1,23],"4":[24,24,24],"5":[0,23],"6":[1,22],"7":[1,21],"8":[9,1,1],"9":[1,20],"10":[4,4,4],"11":[1,4],"12":[1,5],"13":[1,4],"14":[1,1],"15":[2,1],"16":[0,8],"17":[5,0]},"_coverageSchema":"1a1c01bbd47fc00a2c39e90264f33305004495a9","hash":"b118b1626ceb70dbb67b143edbf5a6ce398b4029"}
,"/Users/zainfarooki/QueueSystem/hardcode-backend/src/modules/services.js": {"path":"/Users/zainfarooki/QueueSystem/hardcode-backend/src/modules/services.js","statementMap":{"0":{"start":{"line":1,"column":14},"end":{"line":1,"column":33}},"1":{"start":{"line":4,"column":2},"end":{"line":5,"column":64}},"2":{"start":{"line":5,"column":4},"end":{"line":5,"column":64}},"3":{"start":{"line":6,"column":2},"end":{"line":7,"column":84}},"4":{"start":{"line":7,"column":4},"end":{"line":7,"column":84}},"5":{"start":{"line":9,"column":2},"end":{"line":10,"column":63}},"6":{"start":{"line":10,"column":4},"end":{"line":10,"column":63}},"7":{"start":{"line":11,"column":2},"end":{"line":12,"column":83}},"8":{"start":{"line":12,"column":4},"end":{"line":12,"column":83}},"9":{"start":{"line":14,"column":14},"end":{"line":14,"column":30}},"10":{"start":{"line":15,"column":2},"end":{"line":16,"column":60}},"11":{"start":{"line":16,"column":4},"end":{"line":16,"column":60}},"12":{"start":{"line":17,"column":2},"end":{"line":18,"column":85}},"13":{"start":{"line":18,"column":4},"end":{"line":18,"column":85}},"14":{"start":{"line":19,"column":2},"end":{"line":20,"column":74}},"15":{"start":{"line":20,"column":4},"end":{"line":20,"column":74}},"16":{"start":{"line":22,"column":26},"end":{"line":22,"column":51}},"17":{"start":{"line":23,"column":2},"end":{"line":24,"column":77}},"18":{"start":{"line":24,"column":4},"end":{"line":24,"column":77}},"19":{"start":{"line":26,"column":2},"end":{"line":26,"column":25}},"20":{"start":{"line":31,"column":2},"end":{"line":36,"column":6}},"21":{"start":{"line":31,"column":36},"end":{"line":36,"column":3}},"22":{"start":{"line":34,"column":13},"end":{"line":34,"column":59}},"23":{"start":{"line":40,"column":12},"end":{"line":40,"column":59}},"24":{"start":{"line":40,"column":39},"end":{"line":40,"column":58}},"25":{"start":{"line":41,"column":2},"end":{"line":41,"column":22}},"26":{"start":{"line":41,"column":10},"end":{"line":41,"column":22}},"27":{"start":{"line":42,"column":2},"end":{"line":47,"column":4}},"28":{"start":{"line":45,"column":13},"end":{"line":45,"column":59}},"29":{"start":{"line":51,"column":16},"end":{"line":51,"column":74}},"30":{"start":{"line":52,"column":2},"end":{"line":52,"column":66}},"31":{"start":{"line":52,"column":20},"end":{"line":52,"column":66}},"32":{"start":{"line":54,"column":21},"end":{"line":61,"column":3}},"33":{"start":{"line":63,"column":2},"end":{"line":63,"column":34}},"34":{"start":{"line":64,"column":2},"end":{"line":64,"column":71}},"35":{"start":{"line":68,"column":14},"end":{"line":68,"column":66}},"36":{"start":{"line":68,"column":46},"end":{"line":68,"column":65}},"37":{"start":{"line":69,"column":2},"end":{"line":69,"column":73}},"38":{"start":{"line":69,"column":18},"end":{"line":69,"column":73}},"39":{"start":{"line":72,"column":24},"end":{"line":72,"column":79}},"40":{"start":{"line":73,"column":18},"end":{"line":73,"column":20}},"41":{"start":{"line":74,"column":2},"end":{"line":76,"column":3}},"42":{"start":{"line":75,"column":4},"end":{"line":75,"column":62}},"43":{"start":{"line":75,"column":35},"end":{"line":75,"column":62}},"44":{"start":{"line":79,"column":2},"end":{"line":88,"column":5}},"45":{"start":{"line":85,"column":21},"end":{"line":85,"column":59}},"46":{"start":{"line":86,"column":20},"end":{"line":86,"column":43}},"47":{"start":{"line":87,"column":6},"end":{"line":87,"column":70}},"48":{"start":{"line":87,"column":24},"end":{"line":87,"column":70}},"49":{"start":{"line":90,"column":2},"end":{"line":90,"column":63}},"50":{"start":{"line":91,"column":2},"end":{"line":91,"column":56}},"51":{"start":{"line":95,"column":14},"end":{"line":95,"column":66}},"52":{"start":{"line":95,"column":46},"end":{"line":95,"column":65}},"53":{"start":{"line":96,"column":2},"end":{"line":96,"column":73}},"54":{"start":{"line":96,"column":18},"end":{"line":96,"column":73}},"55":{"start":{"line":98,"column":2},"end":{"line":98,"column":55}},"56":{"start":{"line":99,"column":2},"end":{"line":99,"column":56}},"57":{"start":{"line":102,"column":0},"end":{"line":109,"column":2}}},"fnMap":{"0":{"name":"validateService","decl":{"start":{"line":3,"column":9},"end":{"line":3,"column":24}},"loc":{"start":{"line":3,"column":68},"end":{"line":27,"column":1}},"line":3},"1":{"name":"listServices","decl":{"start":{"line":30,"column":9},"end":{"line":30,"column":21}},"loc":{"start":{"line":30,"column":24},"end":{"line":37,"column":1}},"line":30},"2":{"name":"(anonymous_2)","decl":{"start":{"line":31,"column":28},"end":{"line":31,"column":29}},"loc":{"start":{"line":31,"column":36},"end":{"line":36,"column":3}},"line":31},"3":{"name":"(anonymous_3)","decl":{"start":{"line":34,"column":6},"end":{"line":34,"column":7}},"loc":{"start":{"line":34,"column":13},"end":{"line":34,"column":59}},"line":34},"4":{"name":"getServiceById","decl":{"start":{"line":39,"column":9},"end":{"line":39,"column":23}},"loc":{"start":{"line":39,"column":28},"end":{"line":48,"column":1}},"line":39},"5":{"name":"(anonymous_5)","decl":{"start":{"line":40,"column":32},"end":{"line":40,"column":33}},"loc":{"start":{"line":40,"column":39},"end":{"line":40,"column":58}},"line":40},"6":{"name":"(anonymous_6)","decl":{"start":{"line":45,"column":6},"end":{"line":45,"column":7}},"loc":{"start":{"line":45,"column":13},"end":{"line":45,"column":59}},"line":45},"7":{"name":"createService","decl":{"start":{"line":50,"column":9},"end":{"line":50,"column":22}},"loc":{"start":{"line":50,"column":66},"end":{"line":65,"column":1}},"line":50},"8":{"name":"updateService","decl":{"start":{"line":67,"column":9},"end":{"line":67,"column":22}},"loc":{"start":{"line":67,"column":35},"end":{"line":92,"column":1}},"line":67},"9":{"name":"(anonymous_9)","decl":{"start":{"line":68,"column":39},"end":{"line":68,"column":40}},"loc":{"start":{"line":68,"column":46},"end":{"line":68,"column":65}},"line":68},"10":{"name":"toggleServiceOpen","decl":{"start":{"line":94,"column":9},"end":{"line":94,"column":26}},"loc":{"start":{"line":94,"column":31},"end":{"line":100,"column":1}},"line":94},"11":{"name":"(anonymous_11)","decl":{"start":{"line":95,"column":39},"end":{"line":95,"column":40}},"loc":{"start":{"line":95,"column":46},"end":{"line":95,"column":65}},"line":95}},"branchMap":{"0":{"loc":{"start":{"line":4,"column":2},"end":{"line":5,"column":64}},"type":"if","locations":[{"start":{"line":4,"column":2},"end":{"line":5,"column":64}},{"start":{},"end":{}}],"line":4},"1":{"loc":{"start":{"line":4,"column":6},"end":{"line":4,"column":67}},"type":"binary-expr","locations":[{"start":{"line":4,"column":6},"end":{"line":4,"column":11}},{"start":{"line":4,"column":15},"end":{"line":4,"column":39}},{"start":{"line":4,"column":43},"end":{"line":4,"column":67}}],"line":4},"2":{"loc":{"start":{"line":6,"column":2},"end":{"line":7,"column":84}},"type":"if","locations":[{"start":{"line":6,"column":2},"end":{"line":7,"column":84}},{"start":{},"end":{}}],"line":6},"3":{"loc":{"start":{"line":9,"column":2},"end":{"line":10,"column":63}},"type":"if","locations":[{"start":{"line":9,"column":2},"end":{"line":10,"column":63}},{"start":{},"end":{}}],"line":9},"4":{"loc":{"start":{"line":9,"column":6},"end":{"line":9,"column":88}},"type":"binary-expr","locations":[{"start":{"line":9,"column":6},"end":{"line":9,"column":18}},{"start":{"line":9,"column":22},"end":{"line":9,"column":53}},{"start":{"line":9,"column":57},"end":{"line":9,"column":88}}],"line":9},"5":{"loc":{"start":{"line":11,"column":2},"end":{"line":12,"column":83}},"type":"if","locations":[{"start":{"line":11,"column":2},"end":{"line":12,"column":83}},{"start":{},"end":{}}],"line":11},"6":{"loc":{"start":{"line":15,"column":2},"end":{"line":16,"column":60}},"type":"if","locations":[{"start":{"line":15,"column":2},"end":{"line":16,"column":60}},{"start":{},"end":{}}],"line":15},"7":{"loc":{"start":{"line":15,"column":6},"end":{"line":15,"column":33}},"type":"binary-expr","locations":[{"start":{"line":15,"column":6},"end":{"line":15,"column":15}},{"start":{"line":15,"column":19},"end":{"line":15,"column":33}}],"line":15},"8":{"loc":{"start":{"line":17,"column":2},"end":{"line":18,"column":85}},"type":"if","locations":[{"start":{"line":17,"column":2},"end":{"line":18,"column":85}},{"start":{},"end":{}}],"line":17},"9":{"loc":{"start":{"line":17,"column":6},"end":{"line":17,"column":39}},"type":"binary-expr","locations":[{"start":{"line":17,"column":6},"end":{"line":17,"column":28}},{"start":{"line":17,"column":32},"end":{"line":17,"column":39}}],"line":17},"10":{"loc":{"start":{"line":19,"column":2},"end":{"line":20,"column":74}},"type":"if","locations":[{"start":{"line":19,"column":2},"end":{"line":20,"column":74}},{"start":{},"end":{}}],"line":19},"11":{"loc":{"start":{"line":23,"column":2},"end":{"line":24,"column":77}},"type":"if","locations":[{"start":{"line":23,"column":2},"end":{"line":24,"column":77}},{"start":{},"end":{}}],"line":23},"12":{"loc":{"start":{"line":23,"column":6},"end":{"line":23,"column":54}},"type":"binary-expr","locations":[{"start":{"line":23,"column":6},"end":{"line":23,"column":15}},{"start":{"line":23,"column":19},"end":{"line":23,"column":54}}],"line":23},"13":{"loc":{"start":{"line":34,"column":13},"end":{"line":34,"column":59}},"type":"binary-expr","locations":[{"start":{"line":34,"column":13},"end":{"line":34,"column":33}},{"start":{"line":34,"column":37},"end":{"line":34,"column":59}}],"line":34},"14":{"loc":{"start":{"line":41,"column":2},"end":{"line":41,"column":22}},"type":"if","locations":[{"start":{"line":41,"column":2},"end":{"line":41,"column":22}},{"start":{},"end":{}}],"line":41},"15":{"loc":{"start":{"line":45,"column":13},"end":{"line":45,"column":59}},"type":"binary-expr","locations":[{"start":{"line":45,"column":13},"end":{"line":45,"column":33}},{"start":{"line":45,"column":37},"end":{"line":45,"column":59}}],"line":45},"16":{"loc":{"start":{"line":52,"column":2},"end":{"line":52,"column":66}},"type":"if","locations":[{"start":{"line":52,"column":2},"end":{"line":52,"column":66}},{"start":{},"end":{}}],"line":52},"17":{"loc":{"start":{"line":69,"column":2},"end":{"line":69,"column":73}},"type":"if","locations":[{"start":{"line":69,"column":2},"end":{"line":69,"column":73}},{"start":{},"end":{}}],"line":69},"18":{"loc":{"start":{"line":75,"column":4},"end":{"line":75,"column":62}},"type":"if","locations":[{"start":{"line":75,"column":4},"end":{"line":75,"column":62}},{"start":{},"end":{}}],"line":75},"19":{"loc":{"start":{"line":79,"column":2},"end":{"line":88,"column":5}},"type":"if","locations":[{"start":{"line":79,"column":2},"end":{"line":88,"column":5}},{"start":{},"end":{}}],"line":79},"20":{"loc":{"start":{"line":80,"column":4},"end":{"line":83,"column":34}},"type":"binary-expr","locations":[{"start":{"line":80,"column":4},"end":{"line":80,"column":30}},{"start":{"line":81,"column":4},"end":{"line":81,"column":37}},{"start":{"line":82,"column":4},"end":{"line":82,"column":34}},{"start":{"line":83,"column":4},"end":{"line":83,"column":34}}],"line":80},"21":{"loc":{"start":{"line":87,"column":6},"end":{"line":87,"column":70}},"type":"if","locations":[{"start":{"line":87,"column":6},"end":{"line":87,"column":70}},{"start":{},"end":{}}],"line":87},"22":{"loc":{"start":{"line":96,"column":2},"end":{"line":96,"column":73}},"type":"if","locations":[{"start":{"line":96,"column":2},"end":{"line":96,"column":73}},{"start":{},"end":{}}],"line":96}},"s":{"0":1,"1":14,"2":2,"3":12,"4":1,"5":11,"6":1,"7":10,"8":1,"9":9,"10":9,"11":0,"12":9,"13":1,"14":8,"15":1,"16":7,"17":7,"18":1,"19":6,"20":3,"21":10,"22":0,"23":4,"24":6,"25":4,"26":1,"27":3,"28":0,"29":3,"30":3,"31":1,"32":2,"33":2,"34":2,"35":0,"36":0,"37":0,"38":0,"39":0,"40":0,"41":0,"42":0,"43":0,"44":0,"45":0,"46":0,"47":0,"48":0,"49":0,"50":0,"51":2,"52":4,"53":2,"54":1,"55":1,"56":1,"57":1},"f":{"0":14,"1":3,"2":10,"3":0,"4":4,"5":6,"6":0,"7":3,"8":0,"9":0,"10":2,"11":4},"b":{"0":[2,12],"1":[14,12,12],"2":[1,11],"3":[1,10],"4":[11,10,10],"5":[1,9],"6":[0,9],"7":[9,1],"8":[1,8],"9":[9,9],"10":[1,7],"11":[1,6],"12":[7,7],"13":[0,0],"14":[1,3],"15":[0,0],"16":[1,2],"17":[0,0],"18":[0,0],"19":[0,0],"20":[0,0,0,0],"21":[0,0],"22":[1,1]},"_coverageSchema":"1a1c01bbd47fc00a2c39e90264f33305004495a9","hash":"8dfc61835f09597dba8b0ca0af7e17ef9709dc69"}
}
