{"/Users/zainfarooki/QueueSystem/hardcode-backend/server.js": {"path":"/Users/zainfarooki/QueueSystem/hardcode-backend/server.js","statementMap":{"0":{"start":{"line":1,"column":16},"end":{"line":1,"column":34}},"1":{"start":{"line":2,"column":13},"end":{"line":2,"column":28}},"2":{"start":{"line":4,"column":19},"end":{"line":4,"column":47}},"3":{"start":{"line":5,"column":23},"end":{"line":5,"column":55}},"4":{"start":{"line":6,"column":20},"end":{"line":6,"column":49}},"5":{"start":{"line":7,"column":29},"end":{"line":7,"column":66}},"6":{"start":{"line":8,"column":22},"end":{"line":8,"column":53}},"7":{"start":{"line":9,"column":22},"end":{"line":9,"column":53}},"8":{"start":{"line":10,"column":22},"end":{"line":10,"column":51}},"9":{"start":{"line":12,"column":12},"end":{"line":12,"column":21}},"10":{"start":{"line":13,"column":13},"end":{"line":13,"column":37}},"11":{"start":{"line":15,"column":0},"end":{"line":15,"column":51}},"12":{"start":{"line":16,"column":0},"end":{"line":16,"column":24}},"13":{"start":{"line":19,"column":0},"end":{"line":19,"column":33}},"14":{"start":{"line":20,"column":0},"end":{"line":20,"column":41}},"15":{"start":{"line":21,"column":0},"end":{"line":21,"column":35}},"16":{"start":{"line":22,"column":0},"end":{"line":22,"column":52}},"17":{"start":{"line":23,"column":0},"end":{"line":23,"column":39}},"18":{"start":{"line":24,"column":0},"end":{"line":24,"column":39}},"19":{"start":{"line":25,"column":0},"end":{"line":25,"column":35}},"20":{"start":{"line":28,"column":0},"end":{"line":30,"column":3}},"21":{"start":{"line":29,"column":2},"end":{"line":29,"column":66}},"22":{"start":{"line":32,"column":0},"end":{"line":34,"column":3}},"23":{"start":{"line":33,"column":2},"end":{"line":33,"column":54}},"24":{"start":{"line":36,"column":0},"end":{"line":41,"column":1}},"25":{"start":{"line":37,"column":2},"end":{"line":40,"column":5}},"26":{"start":{"line":38,"column":4},"end":{"line":38,"column":74}},"27":{"start":{"line":39,"column":4},"end":{"line":39,"column":61}},"28":{"start":{"line":43,"column":0},"end":{"line":43,"column":21}}},"fnMap":{"0":{"name":"(anonymous_0)","decl":{"start":{"line":28,"column":23},"end":{"line":28,"column":24}},"loc":{"start":{"line":28,"column":37},"end":{"line":30,"column":1}},"line":28},"1":{"name":"(anonymous_1)","decl":{"start":{"line":32,"column":8},"end":{"line":32,"column":9}},"loc":{"start":{"line":32,"column":22},"end":{"line":34,"column":1}},"line":32},"2":{"name":"(anonymous_2)","decl":{"start":{"line":37,"column":19},"end":{"line":37,"column":20}},"loc":{"start":{"line":37,"column":25},"end":{"line":40,"column":3}},"line":37}},"branchMap":{"0":{"loc":{"start":{"line":13,"column":13},"end":{"line":13,"column":37}},"type":"binary-expr","locations":[{"start":{"line":13,"column":13},"end":{"line":13,"column":29}},{"start":{"line":13,"column":33},"end":{"line":13,"column":37}}],"line":13},"1":{"loc":{"start":{"line":36,"column":0},"end":{"line":41,"column":1}},"type":"if","locations":[{"start":{"line":36,"column":0},"end":{"line":41,"column":1}},{"start":{},"end":{}}],"line":36}},"s":{"0":1,"1":1,"2":1,"3":1,"4":1,"5":1,"6":1,"7":1,"8":1,"9":1,"10":1,"11":1,"12":1,"13":1,"14":1,"15":1,"16":1,"17":1,"18":1,"19":1,"20":1,"21":0,"22":1,"23":0,"24":1,"25":0,"26":0,"27":0,"28":1},"f":{"0":0,"1":0,"2":0},"b":{"0":[1,1],"1":[0,1]},"_coverageSchema":"1a1c01bbd47fc00a2c39e90264f33305004495a9","hash":"af0b989bc69de7d32064a3ae1d32d2b215783663"}
,"/Users/zainfarooki/QueueSystem/hardcode-backend/middleware/mid_auth.js": {"path":"/Users/zainfarooki/QueueSystem/hardcode-backend/middleware/mid_auth.js","statementMap":{"0":{"start":{"line":1,"column":12},"end":{"line":1,"column":35}},"1":{"start":{"line":2,"column":15},"end":{"line":2,"column":38}},"2":{"start":{"line":4,"column":21},"end":{"line":16,"column":1}},"3":{"start":{"line":5,"column":21},"end":{"line":5,"column":46}},"4":{"start":{"line":6,"column":2},"end":{"line":8,"column":3}},"5":{"start":{"line":7,"column":4},"end":{"line":7,"column":64}},"6":{"start":{"line":9,"column":16},"end":{"line":9,"column":40}},"7":{"start":{"line":10,"column":2},"end":{"line":15,"column":3}},"8":{"start":{"line":11,"column":4},"end":{"line":11,"column":41}},"9":{"start":{"line":12,"column":4},"end":{"line":12,"column":11}},"10":{"start":{"line":14,"column":4},"end":{"line":14,"column":71}},"11":{"start":{"line":18,"column":18},"end":{"line":23,"column":1}},"12":{"start":{"line":19,"column":2},"end":{"line":21,"column":3}},"13":{"start":{"line":20,"column":4},"end":{"line":20,"column":68}},"14":{"start":{"line":22,"column":2},"end":{"line":22,"column":9}},"15":{"start":{"line":25,"column":0},"end":{"line":25,"column":53}}},"fnMap":{"0":{"name":"(anonymous_0)","decl":{"start":{"line":4,"column":21},"end":{"line":4,"column":22}},"loc":{"start":{"line":4,"column":41},"end":{"line":16,"column":1}},"line":4},"1":{"name":"(anonymous_1)","decl":{"start":{"line":18,"column":18},"end":{"line":18,"column":19}},"loc":{"start":{"line":18,"column":38},"end":{"line":23,"column":1}},"line":18}},"branchMap":{"0":{"loc":{"start":{"line":6,"column":2},"end":{"line":8,"column":3}},"type":"if","locations":[{"start":{"line":6,"column":2},"end":{"line":8,"column":3}},{"start":{},"end":{}}],"line":6},"1":{"loc":{"start":{"line":6,"column":6},"end":{"line":6,"column":54}},"type":"binary-expr","locations":[{"start":{"line":6,"column":6},"end":{"line":6,"column":17}},{"start":{"line":6,"column":21},"end":{"line":6,"column":54}}],"line":6},"2":{"loc":{"start":{"line":19,"column":2},"end":{"line":21,"column":3}},"type":"if","locations":[{"start":{"line":19,"column":2},"end":{"line":21,"column":3}},{"start":{},"end":{}}],"line":19}},"s":{"0":1,"1":1,"2":1,"3":28,"4":28,"5":5,"6":23,"7":23,"8":23,"9":23,"10":0,"11":1,"12":14,"13":4,"14":10,"15":1},"f":{"0":28,"1":14},"b":{"0":[5,23],"1":[28,23],"2":[4,10]},"_coverageSchema":"1a1c01bbd47fc00a2c39e90264f33305004495a9","hash":"9def83841d821041b7ec7375b4fbe3efbd331ac9"}
,"/Users/zainfarooki/QueueSystem/hardcode-backend/src/db.js": {"path":"/Users/zainfarooki/QueueSystem/hardcode-backend/src/db.js","statementMap":{"0":{"start":{"line":1,"column":14},"end":{"line":1,"column":39}},"1":{"start":{"line":3,"column":13},"end":{"line":13,"column":2}},"2":{"start":{"line":15,"column":0},"end":{"line":15,"column":22}}},"fnMap":{},"branchMap":{},"s":{"0":1,"1":1,"2":1},"f":{},"b":{},"_coverageSchema":"1a1c01bbd47fc00a2c39e90264f33305004495a9","hash":"6799c18f2fd2030e290600102cbc78468346783e"}
,"/Users/zainfarooki/QueueSystem/hardcode-backend/src/store.js": {"path":"/Users/zainfarooki/QueueSystem/hardcode-backend/src/store.js","statementMap":{"0":{"start":{"line":4,"column":14},"end":{"line":19,"column":1}},"1":{"start":{"line":22,"column":17},"end":{"line":47,"column":1}},"2":{"start":{"line":51,"column":15},"end":{"line":51,"column":17}},"3":{"start":{"line":54,"column":22},"end":{"line":54,"column":24}},"4":{"start":{"line":57,"column":16},"end":{"line":72,"column":1}},"5":{"start":{"line":75,"column":17},"end":{"line":75,"column":18}},"6":{"start":{"line":76,"column":20},"end":{"line":76,"column":21}},"7":{"start":{"line":77,"column":18},"end":{"line":77,"column":19}},"8":{"start":{"line":78,"column":18},"end":{"line":78,"column":19}},"9":{"start":{"line":79,"column":20},"end":{"line":79,"column":23}},"10":{"start":{"line":81,"column":23},"end":{"line":81,"column":41}},"11":{"start":{"line":81,"column":29},"end":{"line":81,"column":41}},"12":{"start":{"line":82,"column":23},"end":{"line":82,"column":44}},"13":{"start":{"line":82,"column":29},"end":{"line":82,"column":44}},"14":{"start":{"line":83,"column":23},"end":{"line":83,"column":42}},"15":{"start":{"line":83,"column":29},"end":{"line":83,"column":42}},"16":{"start":{"line":84,"column":23},"end":{"line":84,"column":42}},"17":{"start":{"line":84,"column":29},"end":{"line":84,"column":42}},"18":{"start":{"line":85,"column":23},"end":{"line":85,"column":44}},"19":{"start":{"line":85,"column":29},"end":{"line":85,"column":44}},"20":{"start":{"line":87,"column":0},"end":{"line":98,"column":2}}},"fnMap":{"0":{"name":"(anonymous_0)","decl":{"start":{"line":81,"column":23},"end":{"line":81,"column":24}},"loc":{"start":{"line":81,"column":29},"end":{"line":81,"column":41}},"line":81},"1":{"name":"(anonymous_1)","decl":{"start":{"line":82,"column":23},"end":{"line":82,"column":24}},"loc":{"start":{"line":82,"column":29},"end":{"line":82,"column":44}},"line":82},"2":{"name":"(anonymous_2)","decl":{"start":{"line":83,"column":23},"end":{"line":83,"column":24}},"loc":{"start":{"line":83,"column":29},"end":{"line":83,"column":42}},"line":83},"3":{"name":"(anonymous_3)","decl":{"start":{"line":84,"column":23},"end":{"line":84,"column":24}},"loc":{"start":{"line":84,"column":29},"end":{"line":84,"column":42}},"line":84},"4":{"name":"(anonymous_4)","decl":{"start":{"line":85,"column":23},"end":{"line":85,"column":24}},"loc":{"start":{"line":85,"column":29},"end":{"line":85,"column":44}},"line":85}},"branchMap":{},"s":{"0":4,"1":4,"2":4,"3":4,"4":4,"5":4,"6":4,"7":4,"8":4,"9":4,"10":4,"11":4,"12":4,"13":2,"14":4,"15":20,"16":4,"17":36,"18":4,"19":8,"20":4},"f":{"0":4,"1":2,"2":20,"3":36,"4":8},"b":{},"_coverageSchema":"1a1c01bbd47fc00a2c39e90264f33305004495a9","hash":"10159603b220b38e1572ef4720da2a5c4a632b08"}
,"/Users/zainfarooki/QueueSystem/hardcode-backend/src/modules/auth.js": {"path":"/Users/zainfarooki/QueueSystem/hardcode-backend/src/modules/auth.js","statementMap":{"0":{"start":{"line":1,"column":14},"end":{"line":1,"column":33}},"1":{"start":{"line":5,"column":2},"end":{"line":6,"column":56}},"2":{"start":{"line":6,"column":4},"end":{"line":6,"column":56}},"3":{"start":{"line":7,"column":2},"end":{"line":8,"column":76}},"4":{"start":{"line":8,"column":4},"end":{"line":8,"column":76}},"5":{"start":{"line":10,"column":2},"end":{"line":11,"column":57}},"6":{"start":{"line":11,"column":4},"end":{"line":11,"column":57}},"7":{"start":{"line":12,"column":2},"end":{"line":13,"column":61}},"8":{"start":{"line":13,"column":4},"end":{"line":13,"column":61}},"9":{"start":{"line":15,"column":2},"end":{"line":16,"column":60}},"10":{"start":{"line":16,"column":4},"end":{"line":16,"column":60}},"11":{"start":{"line":17,"column":2},"end":{"line":18,"column":78}},"12":{"start":{"line":18,"column":4},"end":{"line":18,"column":78}},"13":{"start":{"line":19,"column":2},"end":{"line":20,"column":80}},"14":{"start":{"line":20,"column":4},"end":{"line":20,"column":80}},"15":{"start":{"line":22,"column":2},"end":{"line":22,"column":25}},"16":{"start":{"line":27,"column":2},"end":{"line":28,"column":57}},"17":{"start":{"line":28,"column":4},"end":{"line":28,"column":57}},"18":{"start":{"line":29,"column":2},"end":{"line":30,"column":60}},"19":{"start":{"line":30,"column":4},"end":{"line":30,"column":60}},"20":{"start":{"line":31,"column":2},"end":{"line":31,"column":25}},"21":{"start":{"line":36,"column":16},"end":{"line":36,"column":63}},"22":{"start":{"line":37,"column":2},"end":{"line":37,"column":66}},"23":{"start":{"line":37,"column":20},"end":{"line":37,"column":66}},"24":{"start":{"line":39,"column":26},"end":{"line":39,"column":52}},"25":{"start":{"line":42,"column":19},"end":{"line":44,"column":3}},"26":{"start":{"line":43,"column":11},"end":{"line":43,"column":52}},"27":{"start":{"line":45,"column":2},"end":{"line":45,"column":78}},"28":{"start":{"line":45,"column":16},"end":{"line":45,"column":78}},"29":{"start":{"line":47,"column":18},"end":{"line":53,"column":3}},"30":{"start":{"line":55,"column":2},"end":{"line":55,"column":28}},"31":{"start":{"line":58,"column":43},"end":{"line":58,"column":50}},"32":{"start":{"line":59,"column":2},"end":{"line":59,"column":43}},"33":{"start":{"line":64,"column":16},"end":{"line":64,"column":50}},"34":{"start":{"line":65,"column":2},"end":{"line":65,"column":66}},"35":{"start":{"line":65,"column":20},"end":{"line":65,"column":66}},"36":{"start":{"line":67,"column":16},"end":{"line":71,"column":3}},"37":{"start":{"line":69,"column":6},"end":{"line":70,"column":29}},"38":{"start":{"line":73,"column":2},"end":{"line":73,"column":77}},"39":{"start":{"line":73,"column":14},"end":{"line":73,"column":77}},"40":{"start":{"line":75,"column":43},"end":{"line":75,"column":48}},"41":{"start":{"line":76,"column":2},"end":{"line":76,"column":43}},"42":{"start":{"line":79,"column":0},"end":{"line":79,"column":74}}},"fnMap":{"0":{"name":"validateRegistration","decl":{"start":{"line":4,"column":9},"end":{"line":4,"column":29}},"loc":{"start":{"line":4,"column":57},"end":{"line":23,"column":1}},"line":4},"1":{"name":"validateLogin","decl":{"start":{"line":26,"column":9},"end":{"line":26,"column":22}},"loc":{"start":{"line":26,"column":44},"end":{"line":32,"column":1}},"line":26},"2":{"name":"register","decl":{"start":{"line":35,"column":9},"end":{"line":35,"column":17}},"loc":{"start":{"line":35,"column":45},"end":{"line":60,"column":1}},"line":35},"3":{"name":"(anonymous_3)","decl":{"start":{"line":43,"column":4},"end":{"line":43,"column":5}},"loc":{"start":{"line":43,"column":11},"end":{"line":43,"column":52}},"line":43},"4":{"name":"login","decl":{"start":{"line":63,"column":9},"end":{"line":63,"column":14}},"loc":{"start":{"line":63,"column":36},"end":{"line":77,"column":1}},"line":63},"5":{"name":"(anonymous_5)","decl":{"start":{"line":68,"column":4},"end":{"line":68,"column":5}},"loc":{"start":{"line":69,"column":6},"end":{"line":70,"column":29}},"line":69}},"branchMap":{"0":{"loc":{"start":{"line":5,"column":2},"end":{"line":6,"column":56}},"type":"if","locations":[{"start":{"line":5,"column":2},"end":{"line":6,"column":56}},{"start":{},"end":{}}],"line":5},"1":{"loc":{"start":{"line":5,"column":6},"end":{"line":5,"column":67}},"type":"binary-expr","locations":[{"start":{"line":5,"column":6},"end":{"line":5,"column":11}},{"start":{"line":5,"column":15},"end":{"line":5,"column":39}},{"start":{"line":5,"column":43},"end":{"line":5,"column":67}}],"line":5},"2":{"loc":{"start":{"line":7,"column":2},"end":{"line":8,"column":76}},"type":"if","locations":[{"start":{"line":7,"column":2},"end":{"line":8,"column":76}},{"start":{},"end":{}}],"line":7},"3":{"loc":{"start":{"line":10,"column":2},"end":{"line":11,"column":57}},"type":"if","locations":[{"start":{"line":10,"column":2},"end":{"line":11,"column":57}},{"start":{},"end":{}}],"line":10},"4":{"loc":{"start":{"line":10,"column":6},"end":{"line":10,"column":41}},"type":"binary-expr","locations":[{"start":{"line":10,"column":6},"end":{"line":10,"column":12}},{"start":{"line":10,"column":16},"end":{"line":10,"column":41}}],"line":10},"5":{"loc":{"start":{"line":12,"column":2},"end":{"line":13,"column":61}},"type":"if","locations":[{"start":{"line":12,"column":2},"end":{"line":13,"column":61}},{"start":{},"end":{}}],"line":12},"6":{"loc":{"start":{"line":15,"column":2},"end":{"line":16,"column":60}},"type":"if","locations":[{"start":{"line":15,"column":2},"end":{"line":16,"column":60}},{"start":{},"end":{}}],"line":15},"7":{"loc":{"start":{"line":15,"column":6},"end":{"line":15,"column":47}},"type":"binary-expr","locations":[{"start":{"line":15,"column":6},"end":{"line":15,"column":15}},{"start":{"line":15,"column":19},"end":{"line":15,"column":47}}],"line":15},"8":{"loc":{"start":{"line":17,"column":2},"end":{"line":18,"column":78}},"type":"if","locations":[{"start":{"line":17,"column":2},"end":{"line":18,"column":78}},{"start":{},"end":{}}],"line":17},"9":{"loc":{"start":{"line":19,"column":2},"end":{"line":20,"column":80}},"type":"if","locations":[{"start":{"line":19,"column":2},"end":{"line":20,"column":80}},{"start":{},"end":{}}],"line":19},"10":{"loc":{"start":{"line":27,"column":2},"end":{"line":28,"column":57}},"type":"if","locations":[{"start":{"line":27,"column":2},"end":{"line":28,"column":57}},{"start":{},"end":{}}],"line":27},"11":{"loc":{"start":{"line":27,"column":6},"end":{"line":27,"column":70}},"type":"binary-expr","locations":[{"start":{"line":27,"column":6},"end":{"line":27,"column":12}},{"start":{"line":27,"column":16},"end":{"line":27,"column":41}},{"start":{"line":27,"column":45},"end":{"line":27,"column":70}}],"line":27},"12":{"loc":{"start":{"line":29,"column":2},"end":{"line":30,"column":60}},"type":"if","locations":[{"start":{"line":29,"column":2},"end":{"line":30,"column":60}},{"start":{},"end":{}}],"line":29},"13":{"loc":{"start":{"line":29,"column":6},"end":{"line":29,"column":79}},"type":"binary-expr","locations":[{"start":{"line":29,"column":6},"end":{"line":29,"column":15}},{"start":{"line":29,"column":19},"end":{"line":29,"column":47}},{"start":{"line":29,"column":51},"end":{"line":29,"column":79}}],"line":29},"14":{"loc":{"start":{"line":37,"column":2},"end":{"line":37,"column":66}},"type":"if","locations":[{"start":{"line":37,"column":2},"end":{"line":37,"column":66}},{"start":{},"end":{}}],"line":37},"15":{"loc":{"start":{"line":45,"column":2},"end":{"line":45,"column":78}},"type":"if","locations":[{"start":{"line":45,"column":2},"end":{"line":45,"column":78}},{"start":{},"end":{}}],"line":45},"16":{"loc":{"start":{"line":65,"column":2},"end":{"line":65,"column":66}},"type":"if","locations":[{"start":{"line":65,"column":2},"end":{"line":65,"column":66}},{"start":{},"end":{}}],"line":65},"17":{"loc":{"start":{"line":69,"column":6},"end":{"line":70,"column":29}},"type":"binary-expr","locations":[{"start":{"line":69,"column":6},"end":{"line":69,"column":58}},{"start":{"line":70,"column":6},"end":{"line":70,"column":29}}],"line":69},"18":{"loc":{"start":{"line":73,"column":2},"end":{"line":73,"column":77}},"type":"if","locations":[{"start":{"line":73,"column":2},"end":{"line":73,"column":77}},{"start":{},"end":{}}],"line":73}},"s":{"0":1,"1":14,"2":1,"3":13,"4":1,"5":12,"6":0,"7":12,"8":2,"9":10,"10":1,"11":9,"12":1,"13":8,"14":1,"15":7,"16":7,"17":1,"18":6,"19":1,"20":5,"21":7,"22":7,"23":1,"24":6,"25":6,"26":14,"27":6,"28":2,"29":4,"30":4,"31":4,"32":4,"33":7,"34":7,"35":2,"36":5,"37":8,"38":5,"39":2,"40":3,"41":3,"42":1},"f":{"0":14,"1":7,"2":7,"3":14,"4":7,"5":8},"b":{"0":[1,13],"1":[14,13,13],"2":[1,12],"3":[0,12],"4":[12,12],"5":[2,10],"6":[1,9],"7":[10,9],"8":[1,8],"9":[1,7],"10":[1,6],"11":[7,6,6],"12":[1,5],"13":[6,5,5],"14":[1,6],"15":[2,4],"16":[2,5],"17":[8,4],"18":[2,3]},"_coverageSchema":"1a1c01bbd47fc00a2c39e90264f33305004495a9","hash":"1f8cc8c3cfd18431094902255e46670ba700ce5e"}
,"/Users/zainfarooki/QueueSystem/hardcode-backend/src/modules/history.js": {"path":"/Users/zainfarooki/QueueSystem/hardcode-backend/src/modules/history.js","statementMap":{"0":{"start":{"line":1,"column":14},"end":{"line":1,"column":33}},"1":{"start":{"line":5,"column":2},"end":{"line":8,"column":57}},"2":{"start":{"line":7,"column":19},"end":{"line":7,"column":38}},"3":{"start":{"line":8,"column":20},"end":{"line":8,"column":55}},"4":{"start":{"line":13,"column":2},"end":{"line":15,"column":4}},"5":{"start":{"line":14,"column":14},"end":{"line":14,"column":49}},"6":{"start":{"line":18,"column":0},"end":{"line":18,"column":51}}},"fnMap":{"0":{"name":"getUserHistory","decl":{"start":{"line":4,"column":9},"end":{"line":4,"column":23}},"loc":{"start":{"line":4,"column":32},"end":{"line":9,"column":1}},"line":4},"1":{"name":"(anonymous_1)","decl":{"start":{"line":7,"column":12},"end":{"line":7,"column":13}},"loc":{"start":{"line":7,"column":19},"end":{"line":7,"column":38}},"line":7},"2":{"name":"(anonymous_2)","decl":{"start":{"line":8,"column":10},"end":{"line":8,"column":11}},"loc":{"start":{"line":8,"column":20},"end":{"line":8,"column":55}},"line":8},"3":{"name":"getAllHistory","decl":{"start":{"line":12,"column":9},"end":{"line":12,"column":22}},"loc":{"start":{"line":12,"column":25},"end":{"line":16,"column":1}},"line":12},"4":{"name":"(anonymous_4)","decl":{"start":{"line":14,"column":4},"end":{"line":14,"column":5}},"loc":{"start":{"line":14,"column":14},"end":{"line":14,"column":49}},"line":14}},"branchMap":{},"s":{"0":1,"1":3,"2":6,"3":2,"4":1,"5":1,"6":1},"f":{"0":3,"1":6,"2":2,"3":1,"4":1},"b":{},"_coverageSchema":"1a1c01bbd47fc00a2c39e90264f33305004495a9","hash":"6897c67e4c96dfd1507b5d7bc3962bdb0329de52"}
,"/Users/zainfarooki/QueueSystem/hardcode-backend/src/modules/notifications.js": {"path":"/Users/zainfarooki/QueueSystem/hardcode-backend/src/modules/notifications.js","statementMap":{"0":{"start":{"line":1,"column":14},"end":{"line":1,"column":33}},"1":{"start":{"line":5,"column":16},"end":{"line":12,"column":3}},"2":{"start":{"line":13,"column":2},"end":{"line":13,"column":34}},"3":{"start":{"line":14,"column":2},"end":{"line":14,"column":15}},"4":{"start":{"line":19,"column":2},"end":{"line":21,"column":33}},"5":{"start":{"line":20,"column":19},"end":{"line":20,"column":38}},"6":{"start":{"line":21,"column":20},"end":{"line":21,"column":31}},"7":{"start":{"line":26,"column":14},"end":{"line":26,"column":76}},"8":{"start":{"line":26,"column":51},"end":{"line":26,"column":75}},"9":{"start":{"line":27,"column":2},"end":{"line":27,"column":78}},"10":{"start":{"line":27,"column":18},"end":{"line":27,"column":78}},"11":{"start":{"line":28,"column":2},"end":{"line":28,"column":39}},"12":{"start":{"line":29,"column":2},"end":{"line":29,"column":27}},"13":{"start":{"line":34,"column":2},"end":{"line":37,"column":37}},"14":{"start":{"line":36,"column":19},"end":{"line":36,"column":38}},"15":{"start":{"line":37,"column":21},"end":{"line":37,"column":34}},"16":{"start":{"line":38,"column":2},"end":{"line":38,"column":27}},"17":{"start":{"line":41,"column":0},"end":{"line":41,"column":82}}},"fnMap":{"0":{"name":"triggerNotification","decl":{"start":{"line":4,"column":9},"end":{"line":4,"column":28}},"loc":{"start":{"line":4,"column":56},"end":{"line":15,"column":1}},"line":4},"1":{"name":"getNotifications","decl":{"start":{"line":18,"column":9},"end":{"line":18,"column":25}},"loc":{"start":{"line":18,"column":34},"end":{"line":22,"column":1}},"line":18},"2":{"name":"(anonymous_2)","decl":{"start":{"line":20,"column":12},"end":{"line":20,"column":13}},"loc":{"start":{"line":20,"column":19},"end":{"line":20,"column":38}},"line":20},"3":{"name":"(anonymous_3)","decl":{"start":{"line":21,"column":10},"end":{"line":21,"column":11}},"loc":{"start":{"line":21,"column":20},"end":{"line":21,"column":31}},"line":21},"4":{"name":"markRead","decl":{"start":{"line":24,"column":9},"end":{"line":24,"column":17}},"loc":{"start":{"line":24,"column":27},"end":{"line":30,"column":1}},"line":24},"5":{"name":"(anonymous_5)","decl":{"start":{"line":26,"column":44},"end":{"line":26,"column":45}},"loc":{"start":{"line":26,"column":51},"end":{"line":26,"column":75}},"line":26},"6":{"name":"markAllRead","decl":{"start":{"line":33,"column":9},"end":{"line":33,"column":20}},"loc":{"start":{"line":33,"column":29},"end":{"line":39,"column":1}},"line":33},"7":{"name":"(anonymous_7)","decl":{"start":{"line":36,"column":12},"end":{"line":36,"column":13}},"loc":{"start":{"line":36,"column":19},"end":{"line":36,"column":38}},"line":36},"8":{"name":"(anonymous_8)","decl":{"start":{"line":37,"column":13},"end":{"line":37,"column":14}},"loc":{"start":{"line":37,"column":21},"end":{"line":37,"column":34}},"line":37}},"branchMap":{"0":{"loc":{"start":{"line":27,"column":2},"end":{"line":27,"column":78}},"type":"if","locations":[{"start":{"line":27,"column":2},"end":{"line":27,"column":78}},{"start":{},"end":{}}],"line":27}},"s":{"0":2,"1":36,"2":36,"3":36,"4":3,"5":4,"6":1,"7":2,"8":1,"9":2,"10":1,"11":1,"12":1,"13":2,"14":4,"15":3,"16":2,"17":2},"f":{"0":36,"1":3,"2":4,"3":1,"4":2,"5":1,"6":2,"7":4,"8":3},"b":{"0":[1,1]},"_coverageSchema":"1a1c01bbd47fc00a2c39e90264f33305004495a9","hash":"7a40a5f983a2594aef3f31f55a2de422766a6ef8"}
,"/Users/zainfarooki/QueueSystem/hardcode-backend/src/modules/queue.js": {"path":"/Users/zainfarooki/QueueSystem/hardcode-backend/src/modules/queue.js","statementMap":{"0":{"start":{"line":1,"column":14},"end":{"line":1,"column":33}},"1":{"start":{"line":2,"column":20},"end":{"line":2,"column":46}},"2":{"start":{"line":7,"column":2},"end":{"line":7,"column":30}},"3":{"start":{"line":7,"column":21},"end":{"line":7,"column":30}},"4":{"start":{"line":8,"column":2},"end":{"line":8,"column":42}},"5":{"start":{"line":12,"column":14},"end":{"line":12,"column":31}},"6":{"start":{"line":13,"column":2},"end":{"line":16,"column":65}},"7":{"start":{"line":15,"column":19},"end":{"line":15,"column":64}},"8":{"start":{"line":16,"column":20},"end":{"line":16,"column":63}},"9":{"start":{"line":21,"column":14},"end":{"line":21,"column":31}},"10":{"start":{"line":24,"column":2},"end":{"line":24,"column":71}},"11":{"start":{"line":24,"column":15},"end":{"line":24,"column":71}},"12":{"start":{"line":25,"column":2},"end":{"line":26,"column":62}},"13":{"start":{"line":26,"column":4},"end":{"line":26,"column":62}},"14":{"start":{"line":27,"column":2},"end":{"line":27,"column":71}},"15":{"start":{"line":27,"column":12},"end":{"line":27,"column":71}},"16":{"start":{"line":30,"column":18},"end":{"line":30,"column":58}},"17":{"start":{"line":30,"column":45},"end":{"line":30,"column":57}},"18":{"start":{"line":31,"column":2},"end":{"line":31,"column":71}},"19":{"start":{"line":31,"column":16},"end":{"line":31,"column":71}},"20":{"start":{"line":32,"column":2},"end":{"line":32,"column":91}},"21":{"start":{"line":32,"column":21},"end":{"line":32,"column":91}},"22":{"start":{"line":35,"column":20},"end":{"line":37,"column":3}},"23":{"start":{"line":36,"column":11},"end":{"line":36,"column":79}},"24":{"start":{"line":38,"column":2},"end":{"line":38,"column":84}},"25":{"start":{"line":38,"column":17},"end":{"line":38,"column":84}},"26":{"start":{"line":40,"column":23},"end":{"line":40,"column":36}},"27":{"start":{"line":41,"column":19},"end":{"line":41,"column":42}},"28":{"start":{"line":42,"column":14},"end":{"line":42,"column":73}},"29":{"start":{"line":44,"column":16},"end":{"line":54,"column":3}},"30":{"start":{"line":56,"column":2},"end":{"line":56,"column":27}},"31":{"start":{"line":59,"column":2},"end":{"line":63,"column":5}},"32":{"start":{"line":65,"column":2},"end":{"line":65,"column":34}},"33":{"start":{"line":70,"column":14},"end":{"line":70,"column":31}},"34":{"start":{"line":71,"column":14},"end":{"line":73,"column":3}},"35":{"start":{"line":72,"column":11},"end":{"line":72,"column":79}},"36":{"start":{"line":74,"column":2},"end":{"line":75,"column":67}},"37":{"start":{"line":75,"column":4},"end":{"line":75,"column":67}},"38":{"start":{"line":77,"column":16},"end":{"line":77,"column":33}},"39":{"start":{"line":80,"column":2},"end":{"line":86,"column":5}},"40":{"start":{"line":89,"column":2},"end":{"line":89,"column":30}},"41":{"start":{"line":92,"column":2},"end":{"line":92,"column":24}},"42":{"start":{"line":94,"column":2},"end":{"line":94,"column":27}},"43":{"start":{"line":99,"column":14},"end":{"line":99,"column":31}},"44":{"start":{"line":100,"column":18},"end":{"line":100,"column":58}},"45":{"start":{"line":100,"column":45},"end":{"line":100,"column":57}},"46":{"start":{"line":101,"column":2},"end":{"line":101,"column":71}},"47":{"start":{"line":101,"column":16},"end":{"line":101,"column":71}},"48":{"start":{"line":103,"column":23},"end":{"line":103,"column":36}},"49":{"start":{"line":104,"column":2},"end":{"line":105,"column":56}},"50":{"start":{"line":105,"column":4},"end":{"line":105,"column":56}},"51":{"start":{"line":107,"column":20},"end":{"line":107,"column":35}},"52":{"start":{"line":108,"column":14},"end":{"line":108,"column":66}},"53":{"start":{"line":108,"column":44},"end":{"line":108,"column":65}},"54":{"start":{"line":111,"column":2},"end":{"line":117,"column":5}},"55":{"start":{"line":120,"column":2},"end":{"line":120,"column":30}},"56":{"start":{"line":123,"column":2},"end":{"line":123,"column":24}},"57":{"start":{"line":124,"column":2},"end":{"line":124,"column":34}},"58":{"start":{"line":126,"column":2},"end":{"line":126,"column":59}},"59":{"start":{"line":131,"column":16},"end":{"line":133,"column":3}},"60":{"start":{"line":132,"column":11},"end":{"line":132,"column":56}},"61":{"start":{"line":134,"column":2},"end":{"line":134,"column":26}},"62":{"start":{"line":134,"column":14},"end":{"line":134,"column":26}},"63":{"start":{"line":135,"column":2},"end":{"line":135,"column":22}},"64":{"start":{"line":140,"column":18},"end":{"line":140,"column":37}},"65":{"start":{"line":141,"column":18},"end":{"line":141,"column":64}},"66":{"start":{"line":141,"column":45},"end":{"line":141,"column":63}},"67":{"start":{"line":142,"column":2},"end":{"line":142,"column":23}},"68":{"start":{"line":142,"column":16},"end":{"line":142,"column":23}},"69":{"start":{"line":144,"column":2},"end":{"line":151,"column":5}},"70":{"start":{"line":145,"column":21},"end":{"line":145,"column":69}},"71":{"start":{"line":145,"column":51},"end":{"line":145,"column":68}},"72":{"start":{"line":146,"column":4},"end":{"line":150,"column":5}},"73":{"start":{"line":147,"column":6},"end":{"line":147,"column":46}},"74":{"start":{"line":148,"column":6},"end":{"line":149,"column":65}},"75":{"start":{"line":155,"column":18},"end":{"line":155,"column":37}},"76":{"start":{"line":157,"column":2},"end":{"line":163,"column":5}},"77":{"start":{"line":158,"column":4},"end":{"line":162,"column":7}},"78":{"start":{"line":166,"column":0},"end":{"line":173,"column":2}}},"fnMap":{"0":{"name":"estimateWait","decl":{"start":{"line":6,"column":9},"end":{"line":6,"column":21}},"loc":{"start":{"line":6,"column":49},"end":{"line":9,"column":1}},"line":6},"1":{"name":"getQueue","decl":{"start":{"line":11,"column":9},"end":{"line":11,"column":17}},"loc":{"start":{"line":11,"column":29},"end":{"line":17,"column":1}},"line":11},"2":{"name":"(anonymous_2)","decl":{"start":{"line":15,"column":12},"end":{"line":15,"column":13}},"loc":{"start":{"line":15,"column":19},"end":{"line":15,"column":64}},"line":15},"3":{"name":"(anonymous_3)","decl":{"start":{"line":16,"column":10},"end":{"line":16,"column":11}},"loc":{"start":{"line":16,"column":20},"end":{"line":16,"column":63}},"line":16},"4":{"name":"joinQueue","decl":{"start":{"line":20,"column":9},"end":{"line":20,"column":18}},"loc":{"start":{"line":20,"column":52},"end":{"line":66,"column":1}},"line":20},"5":{"name":"(anonymous_5)","decl":{"start":{"line":30,"column":38},"end":{"line":30,"column":39}},"loc":{"start":{"line":30,"column":45},"end":{"line":30,"column":57}},"line":30},"6":{"name":"(anonymous_6)","decl":{"start":{"line":36,"column":4},"end":{"line":36,"column":5}},"loc":{"start":{"line":36,"column":11},"end":{"line":36,"column":79}},"line":36},"7":{"name":"leaveQueue","decl":{"start":{"line":69,"column":9},"end":{"line":69,"column":19}},"loc":{"start":{"line":69,"column":43},"end":{"line":95,"column":1}},"line":69},"8":{"name":"(anonymous_8)","decl":{"start":{"line":72,"column":4},"end":{"line":72,"column":5}},"loc":{"start":{"line":72,"column":11},"end":{"line":72,"column":79}},"line":72},"9":{"name":"serveNext","decl":{"start":{"line":98,"column":9},"end":{"line":98,"column":18}},"loc":{"start":{"line":98,"column":30},"end":{"line":127,"column":1}},"line":98},"10":{"name":"(anonymous_10)","decl":{"start":{"line":100,"column":38},"end":{"line":100,"column":39}},"loc":{"start":{"line":100,"column":45},"end":{"line":100,"column":57}},"line":100},"11":{"name":"(anonymous_11)","decl":{"start":{"line":108,"column":37},"end":{"line":108,"column":38}},"loc":{"start":{"line":108,"column":44},"end":{"line":108,"column":65}},"line":108},"12":{"name":"getUserStatus","decl":{"start":{"line":130,"column":9},"end":{"line":130,"column":22}},"loc":{"start":{"line":130,"column":31},"end":{"line":136,"column":1}},"line":130},"13":{"name":"(anonymous_13)","decl":{"start":{"line":132,"column":4},"end":{"line":132,"column":5}},"loc":{"start":{"line":132,"column":11},"end":{"line":132,"column":56}},"line":132},"14":{"name":"_recalcPositions","decl":{"start":{"line":139,"column":9},"end":{"line":139,"column":25}},"loc":{"start":{"line":139,"column":37},"end":{"line":152,"column":1}},"line":139},"15":{"name":"(anonymous_15)","decl":{"start":{"line":141,"column":38},"end":{"line":141,"column":39}},"loc":{"start":{"line":141,"column":45},"end":{"line":141,"column":63}},"line":141},"16":{"name":"(anonymous_16)","decl":{"start":{"line":144,"column":18},"end":{"line":144,"column":19}},"loc":{"start":{"line":144,"column":32},"end":{"line":151,"column":3}},"line":144},"17":{"name":"(anonymous_17)","decl":{"start":{"line":145,"column":44},"end":{"line":145,"column":45}},"loc":{"start":{"line":145,"column":51},"end":{"line":145,"column":68}},"line":145},"18":{"name":"_checkAlmostReady","decl":{"start":{"line":154,"column":9},"end":{"line":154,"column":26}},"loc":{"start":{"line":154,"column":47},"end":{"line":164,"column":1}},"line":154},"19":{"name":"(anonymous_19)","decl":{"start":{"line":157,"column":30},"end":{"line":157,"column":31}},"loc":{"start":{"line":157,"column":41},"end":{"line":163,"column":3}},"line":157}},"branchMap":{"0":{"loc":{"start":{"line":7,"column":2},"end":{"line":7,"column":30}},"type":"if","locations":[{"start":{"line":7,"column":2},"end":{"line":7,"column":30}},{"start":{},"end":{}}],"line":7},"1":{"loc":{"start":{"line":15,"column":19},"end":{"line":15,"column":64}},"type":"binary-expr","locations":[{"start":{"line":15,"column":19},"end":{"line":15,"column":38}},{"start":{"line":15,"column":42},"end":{"line":15,"column":64}}],"line":15},"2":{"loc":{"start":{"line":24,"column":2},"end":{"line":24,"column":71}},"type":"if","locations":[{"start":{"line":24,"column":2},"end":{"line":24,"column":71}},{"start":{},"end":{}}],"line":24},"3":{"loc":{"start":{"line":25,"column":2},"end":{"line":26,"column":62}},"type":"if","locations":[{"start":{"line":25,"column":2},"end":{"line":26,"column":62}},{"start":{},"end":{}}],"line":25},"4":{"loc":{"start":{"line":25,"column":6},"end":{"line":25,"column":79}},"type":"binary-expr","locations":[{"start":{"line":25,"column":6},"end":{"line":25,"column":15}},{"start":{"line":25,"column":19},"end":{"line":25,"column":47}},{"start":{"line":25,"column":51},"end":{"line":25,"column":79}}],"line":25},"5":{"loc":{"start":{"line":27,"column":2},"end":{"line":27,"column":71}},"type":"if","locations":[{"start":{"line":27,"column":2},"end":{"line":27,"column":71}},{"start":{},"end":{}}],"line":27},"6":{"loc":{"start":{"line":31,"column":2},"end":{"line":31,"column":71}},"type":"if","locations":[{"start":{"line":31,"column":2},"end":{"line":31,"column":71}},{"start":{},"end":{}}],"line":31},"7":{"loc":{"start":{"line":32,"column":2},"end":{"line":32,"column":91}},"type":"if","locations":[{"start":{"line":32,"column":2},"end":{"line":32,"column":91}},{"start":{},"end":{}}],"line":32},"8":{"loc":{"start":{"line":36,"column":11},"end":{"line":36,"column":79}},"type":"binary-expr","locations":[{"start":{"line":36,"column":11},"end":{"line":36,"column":30}},{"start":{"line":36,"column":34},"end":{"line":36,"column":53}},{"start":{"line":36,"column":57},"end":{"line":36,"column":79}}],"line":36},"9":{"loc":{"start":{"line":38,"column":2},"end":{"line":38,"column":84}},"type":"if","locations":[{"start":{"line":38,"column":2},"end":{"line":38,"column":84}},{"start":{},"end":{}}],"line":38},"10":{"loc":{"start":{"line":72,"column":11},"end":{"line":72,"column":79}},"type":"binary-expr","locations":[{"start":{"line":72,"column":11},"end":{"line":72,"column":30}},{"start":{"line":72,"column":34},"end":{"line":72,"column":53}},{"start":{"line":72,"column":57},"end":{"line":72,"column":79}}],"line":72},"11":{"loc":{"start":{"line":74,"column":2},"end":{"line":75,"column":67}},"type":"if","locations":[{"start":{"line":74,"column":2},"end":{"line":75,"column":67}},{"start":{},"end":{}}],"line":74},"12":{"loc":{"start":{"line":101,"column":2},"end":{"line":101,"column":71}},"type":"if","locations":[{"start":{"line":101,"column":2},"end":{"line":101,"column":71}},{"start":{},"end":{}}],"line":101},"13":{"loc":{"start":{"line":104,"column":2},"end":{"line":105,"column":56}},"type":"if","locations":[{"start":{"line":104,"column":2},"end":{"line":105,"column":56}},{"start":{},"end":{}}],"line":104},"14":{"loc":{"start":{"line":132,"column":11},"end":{"line":132,"column":56}},"type":"binary-expr","locations":[{"start":{"line":132,"column":11},"end":{"line":132,"column":30}},{"start":{"line":132,"column":34},"end":{"line":132,"column":56}}],"line":132},"15":{"loc":{"start":{"line":134,"column":2},"end":{"line":134,"column":26}},"type":"if","locations":[{"start":{"line":134,"column":2},"end":{"line":134,"column":26}},{"start":{},"end":{}}],"line":134},"16":{"loc":{"start":{"line":142,"column":2},"end":{"line":142,"column":23}},"type":"if","locations":[{"start":{"line":142,"column":2},"end":{"line":142,"column":23}},{"start":{},"end":{}}],"line":142},"17":{"loc":{"start":{"line":146,"column":4},"end":{"line":150,"column":5}},"type":"if","locations":[{"start":{"line":146,"column":4},"end":{"line":150,"column":5}},{"start":{},"end":{}}],"line":146}},"s":{"0":1,"1":1,"2":29,"3":1,"4":28,"5":40,"6":40,"7":27,"8":10,"9":25,"10":25,"11":1,"12":24,"13":1,"14":23,"15":0,"16":23,"17":26,"18":23,"19":1,"20":22,"21":1,"22":21,"23":9,"24":21,"25":1,"26":20,"27":20,"28":20,"29":20,"30":20,"31":20,"32":20,"33":5,"34":5,"35":4,"36":5,"37":1,"38":4,"39":4,"40":4,"41":4,"42":4,"43":6,"44":6,"45":8,"46":6,"47":1,"48":5,"49":5,"50":1,"51":4,"52":4,"53":4,"54":4,"55":4,"56":4,"57":4,"58":4,"59":3,"60":1,"61":3,"62":2,"63":1,"64":8,"65":8,"66":8,"67":8,"68":0,"69":8,"70":5,"71":7,"72":5,"73":5,"74":5,"75":4,"76":4,"77":3,"78":1},"f":{"0":29,"1":40,"2":27,"3":10,"4":25,"5":26,"6":9,"7":5,"8":4,"9":6,"10":8,"11":4,"12":3,"13":1,"14":8,"15":8,"16":5,"17":7,"18":4,"19":3},"b":{"0":[1,28],"1":[27,27],"2":[1,24],"3":[1,23],"4":[24,24,24],"5":[0,23],"6":[1,22],"7":[1,21],"8":[9,1,1],"9":[1,20],"10":[4,4,4],"11":[1,4],"12":[1,5],"13":[1,4],"14":[1,1],"15":[2,1],"16":[0,8],"17":[5,0]},"_coverageSchema":"1a1c01bbd47fc00a2c39e90264f33305004495a9","hash":"cf89098795b94bbb65529ad536f22c4fc523152e"}
,"/Users/zainfarooki/QueueSystem/hardcode-backend/src/modules/services.js": {"path":"/Users/zainfarooki/QueueSystem/hardcode-backend/src/modules/services.js","statementMap":{"0":{"start":{"line":1,"column":14},"end":{"line":1,"column":33}},"1":{"start":{"line":4,"column":2},"end":{"line":5,"column":64}},"2":{"start":{"line":5,"column":4},"end":{"line":5,"column":64}},"3":{"start":{"line":6,"column":2},"end":{"line":7,"column":84}},"4":{"start":{"line":7,"column":4},"end":{"line":7,"column":84}},"5":{"start":{"line":9,"column":2},"end":{"line":10,"column":63}},"6":{"start":{"line":10,"column":4},"end":{"line":10,"column":63}},"7":{"start":{"line":11,"column":2},"end":{"line":12,"column":83}},"8":{"start":{"line":12,"column":4},"end":{"line":12,"column":83}},"9":{"start":{"line":14,"column":14},"end":{"line":14,"column":30}},"10":{"start":{"line":15,"column":2},"end":{"line":16,"column":60}},"11":{"start":{"line":16,"column":4},"end":{"line":16,"column":60}},"12":{"start":{"line":17,"column":2},"end":{"line":18,"column":85}},"13":{"start":{"line":18,"column":4},"end":{"line":18,"column":85}},"14":{"start":{"line":19,"column":2},"end":{"line":20,"column":74}},"15":{"start":{"line":20,"column":4},"end":{"line":20,"column":74}},"16":{"start":{"line":22,"column":26},"end":{"line":22,"column":51}},"17":{"start":{"line":23,"column":2},"end":{"line":24,"column":77}},"18":{"start":{"line":24,"column":4},"end":{"line":24,"column":77}},"19":{"start":{"line":26,"column":2},"end":{"line":26,"column":25}},"20":{"start":{"line":31,"column":2},"end":{"line":36,"column":6}},"21":{"start":{"line":31,"column":36},"end":{"line":36,"column":3}},"22":{"start":{"line":34,"column":13},"end":{"line":34,"column":59}},"23":{"start":{"line":40,"column":12},"end":{"line":40,"column":59}},"24":{"start":{"line":40,"column":39},"end":{"line":40,"column":58}},"25":{"start":{"line":41,"column":2},"end":{"line":41,"column":22}},"26":{"start":{"line":41,"column":10},"end":{"line":41,"column":22}},"27":{"start":{"line":42,"column":2},"end":{"line":47,"column":4}},"28":{"start":{"line":45,"column":13},"end":{"line":45,"column":59}},"29":{"start":{"line":51,"column":16},"end":{"line":51,"column":74}},"30":{"start":{"line":52,"column":2},"end":{"line":52,"column":66}},"31":{"start":{"line":52,"column":20},"end":{"line":52,"column":66}},"32":{"start":{"line":54,"column":21},"end":{"line":61,"column":3}},"33":{"start":{"line":63,"column":2},"end":{"line":63,"column":34}},"34":{"start":{"line":64,"column":2},"end":{"line":64,"column":71}},"35":{"start":{"line":68,"column":14},"end":{"line":68,"column":66}},"36":{"start":{"line":68,"column":46},"end":{"line":68,"column":65}},"37":{"start":{"line":69,"column":2},"end":{"line":69,"column":73}},"38":{"start":{"line":69,"column":18},"end":{"line":69,"column":73}},"39":{"start":{"line":72,"column":24},"end":{"line":72,"column":79}},"40":{"start":{"line":73,"column":18},"end":{"line":73,"column":20}},"41":{"start":{"line":74,"column":2},"end":{"line":76,"column":3}},"42":{"start":{"line":75,"column":4},"end":{"line":75,"column":62}},"43":{"start":{"line":75,"column":35},"end":{"line":75,"column":62}},"44":{"start":{"line":79,"column":2},"end":{"line":88,"column":5}},"45":{"start":{"line":85,"column":21},"end":{"line":85,"column":59}},"46":{"start":{"line":86,"column":20},"end":{"line":86,"column":43}},"47":{"start":{"line":87,"column":6},"end":{"line":87,"column":70}},"48":{"start":{"line":87,"column":24},"end":{"line":87,"column":70}},"49":{"start":{"line":90,"column":2},"end":{"line":90,"column":63}},"50":{"start":{"line":91,"column":2},"end":{"line":91,"column":56}},"51":{"start":{"line":95,"column":14},"end":{"line":95,"column":66}},"52":{"start":{"line":95,"column":46},"end":{"line":95,"column":65}},"53":{"start":{"line":96,"column":2},"end":{"line":96,"column":73}},"54":{"start":{"line":96,"column":18},"end":{"line":96,"column":73}},"55":{"start":{"line":98,"column":2},"end":{"line":98,"column":55}},"56":{"start":{"line":99,"column":2},"end":{"line":99,"column":56}},"57":{"start":{"line":102,"column":0},"end":{"line":109,"column":2}}},"fnMap":{"0":{"name":"validateService","decl":{"start":{"line":3,"column":9},"end":{"line":3,"column":24}},"loc":{"start":{"line":3,"column":68},"end":{"line":27,"column":1}},"line":3},"1":{"name":"listServices","decl":{"start":{"line":30,"column":9},"end":{"line":30,"column":21}},"loc":{"start":{"line":30,"column":24},"end":{"line":37,"column":1}},"line":30},"2":{"name":"(anonymous_2)","decl":{"start":{"line":31,"column":28},"end":{"line":31,"column":29}},"loc":{"start":{"line":31,"column":36},"end":{"line":36,"column":3}},"line":31},"3":{"name":"(anonymous_3)","decl":{"start":{"line":34,"column":6},"end":{"line":34,"column":7}},"loc":{"start":{"line":34,"column":13},"end":{"line":34,"column":59}},"line":34},"4":{"name":"getServiceById","decl":{"start":{"line":39,"column":9},"end":{"line":39,"column":23}},"loc":{"start":{"line":39,"column":28},"end":{"line":48,"column":1}},"line":39},"5":{"name":"(anonymous_5)","decl":{"start":{"line":40,"column":32},"end":{"line":40,"column":33}},"loc":{"start":{"line":40,"column":39},"end":{"line":40,"column":58}},"line":40},"6":{"name":"(anonymous_6)","decl":{"start":{"line":45,"column":6},"end":{"line":45,"column":7}},"loc":{"start":{"line":45,"column":13},"end":{"line":45,"column":59}},"line":45},"7":{"name":"createService","decl":{"start":{"line":50,"column":9},"end":{"line":50,"column":22}},"loc":{"start":{"line":50,"column":66},"end":{"line":65,"column":1}},"line":50},"8":{"name":"updateService","decl":{"start":{"line":67,"column":9},"end":{"line":67,"column":22}},"loc":{"start":{"line":67,"column":35},"end":{"line":92,"column":1}},"line":67},"9":{"name":"(anonymous_9)","decl":{"start":{"line":68,"column":39},"end":{"line":68,"column":40}},"loc":{"start":{"line":68,"column":46},"end":{"line":68,"column":65}},"line":68},"10":{"name":"toggleServiceOpen","decl":{"start":{"line":94,"column":9},"end":{"line":94,"column":26}},"loc":{"start":{"line":94,"column":31},"end":{"line":100,"column":1}},"line":94},"11":{"name":"(anonymous_11)","decl":{"start":{"line":95,"column":39},"end":{"line":95,"column":40}},"loc":{"start":{"line":95,"column":46},"end":{"line":95,"column":65}},"line":95}},"branchMap":{"0":{"loc":{"start":{"line":4,"column":2},"end":{"line":5,"column":64}},"type":"if","locations":[{"start":{"line":4,"column":2},"end":{"line":5,"column":64}},{"start":{},"end":{}}],"line":4},"1":{"loc":{"start":{"line":4,"column":6},"end":{"line":4,"column":67}},"type":"binary-expr","locations":[{"start":{"line":4,"column":6},"end":{"line":4,"column":11}},{"start":{"line":4,"column":15},"end":{"line":4,"column":39}},{"start":{"line":4,"column":43},"end":{"line":4,"column":67}}],"line":4},"2":{"loc":{"start":{"line":6,"column":2},"end":{"line":7,"column":84}},"type":"if","locations":[{"start":{"line":6,"column":2},"end":{"line":7,"column":84}},{"start":{},"end":{}}],"line":6},"3":{"loc":{"start":{"line":9,"column":2},"end":{"line":10,"column":63}},"type":"if","locations":[{"start":{"line":9,"column":2},"end":{"line":10,"column":63}},{"start":{},"end":{}}],"line":9},"4":{"loc":{"start":{"line":9,"column":6},"end":{"line":9,"column":88}},"type":"binary-expr","locations":[{"start":{"line":9,"column":6},"end":{"line":9,"column":18}},{"start":{"line":9,"column":22},"end":{"line":9,"column":53}},{"start":{"line":9,"column":57},"end":{"line":9,"column":88}}],"line":9},"5":{"loc":{"start":{"line":11,"column":2},"end":{"line":12,"column":83}},"type":"if","locations":[{"start":{"line":11,"column":2},"end":{"line":12,"column":83}},{"start":{},"end":{}}],"line":11},"6":{"loc":{"start":{"line":15,"column":2},"end":{"line":16,"column":60}},"type":"if","locations":[{"start":{"line":15,"column":2},"end":{"line":16,"column":60}},{"start":{},"end":{}}],"line":15},"7":{"loc":{"start":{"line":15,"column":6},"end":{"line":15,"column":33}},"type":"binary-expr","locations":[{"start":{"line":15,"column":6},"end":{"line":15,"column":15}},{"start":{"line":15,"column":19},"end":{"line":15,"column":33}}],"line":15},"8":{"loc":{"start":{"line":17,"column":2},"end":{"line":18,"column":85}},"type":"if","locations":[{"start":{"line":17,"column":2},"end":{"line":18,"column":85}},{"start":{},"end":{}}],"line":17},"9":{"loc":{"start":{"line":17,"column":6},"end":{"line":17,"column":39}},"type":"binary-expr","locations":[{"start":{"line":17,"column":6},"end":{"line":17,"column":28}},{"start":{"line":17,"column":32},"end":{"line":17,"column":39}}],"line":17},"10":{"loc":{"start":{"line":19,"column":2},"end":{"line":20,"column":74}},"type":"if","locations":[{"start":{"line":19,"column":2},"end":{"line":20,"column":74}},{"start":{},"end":{}}],"line":19},"11":{"loc":{"start":{"line":23,"column":2},"end":{"line":24,"column":77}},"type":"if","locations":[{"start":{"line":23,"column":2},"end":{"line":24,"column":77}},{"start":{},"end":{}}],"line":23},"12":{"loc":{"start":{"line":23,"column":6},"end":{"line":23,"column":54}},"type":"binary-expr","locations":[{"start":{"line":23,"column":6},"end":{"line":23,"column":15}},{"start":{"line":23,"column":19},"end":{"line":23,"column":54}}],"line":23},"13":{"loc":{"start":{"line":34,"column":13},"end":{"line":34,"column":59}},"type":"binary-expr","locations":[{"start":{"line":34,"column":13},"end":{"line":34,"column":33}},{"start":{"line":34,"column":37},"end":{"line":34,"column":59}}],"line":34},"14":{"loc":{"start":{"line":41,"column":2},"end":{"line":41,"column":22}},"type":"if","locations":[{"start":{"line":41,"column":2},"end":{"line":41,"column":22}},{"start":{},"end":{}}],"line":41},"15":{"loc":{"start":{"line":45,"column":13},"end":{"line":45,"column":59}},"type":"binary-expr","locations":[{"start":{"line":45,"column":13},"end":{"line":45,"column":33}},{"start":{"line":45,"column":37},"end":{"line":45,"column":59}}],"line":45},"16":{"loc":{"start":{"line":52,"column":2},"end":{"line":52,"column":66}},"type":"if","locations":[{"start":{"line":52,"column":2},"end":{"line":52,"column":66}},{"start":{},"end":{}}],"line":52},"17":{"loc":{"start":{"line":69,"column":2},"end":{"line":69,"column":73}},"type":"if","locations":[{"start":{"line":69,"column":2},"end":{"line":69,"column":73}},{"start":{},"end":{}}],"line":69},"18":{"loc":{"start":{"line":75,"column":4},"end":{"line":75,"column":62}},"type":"if","locations":[{"start":{"line":75,"column":4},"end":{"line":75,"column":62}},{"start":{},"end":{}}],"line":75},"19":{"loc":{"start":{"line":79,"column":2},"end":{"line":88,"column":5}},"type":"if","locations":[{"start":{"line":79,"column":2},"end":{"line":88,"column":5}},{"start":{},"end":{}}],"line":79},"20":{"loc":{"start":{"line":80,"column":4},"end":{"line":83,"column":34}},"type":"binary-expr","locations":[{"start":{"line":80,"column":4},"end":{"line":80,"column":30}},{"start":{"line":81,"column":4},"end":{"line":81,"column":37}},{"start":{"line":82,"column":4},"end":{"line":82,"column":34}},{"start":{"line":83,"column":4},"end":{"line":83,"column":34}}],"line":80},"21":{"loc":{"start":{"line":87,"column":6},"end":{"line":87,"column":70}},"type":"if","locations":[{"start":{"line":87,"column":6},"end":{"line":87,"column":70}},{"start":{},"end":{}}],"line":87},"22":{"loc":{"start":{"line":96,"column":2},"end":{"line":96,"column":73}},"type":"if","locations":[{"start":{"line":96,"column":2},"end":{"line":96,"column":73}},{"start":{},"end":{}}],"line":96}},"s":{"0":1,"1":14,"2":2,"3":12,"4":1,"5":11,"6":1,"7":10,"8":1,"9":9,"10":9,"11":0,"12":9,"13":1,"14":8,"15":1,"16":7,"17":7,"18":1,"19":6,"20":3,"21":10,"22":0,"23":4,"24":6,"25":4,"26":1,"27":3,"28":0,"29":3,"30":3,"31":1,"32":2,"33":2,"34":2,"35":0,"36":0,"37":0,"38":0,"39":0,"40":0,"41":0,"42":0,"43":0,"44":0,"45":0,"46":0,"47":0,"48":0,"49":0,"50":0,"51":2,"52":4,"53":2,"54":1,"55":1,"56":1,"57":1},"f":{"0":14,"1":3,"2":10,"3":0,"4":4,"5":6,"6":0,"7":3,"8":0,"9":0,"10":2,"11":4},"b":{"0":[2,12],"1":[14,12,12],"2":[1,11],"3":[1,10],"4":[11,10,10],"5":[1,9],"6":[0,9],"7":[9,1],"8":[1,8],"9":[9,9],"10":[1,7],"11":[1,6],"12":[7,7],"13":[0,0],"14":[1,3],"15":[0,0],"16":[1,2],"17":[0,0],"18":[0,0],"19":[0,0],"20":[0,0,0,0],"21":[0,0],"22":[1,1]},"_coverageSchema":"1a1c01bbd47fc00a2c39e90264f33305004495a9","hash":"8dfc61835f09597dba8b0ca0af7e17ef9709dc69"}
,"/Users/zainfarooki/QueueSystem/hardcode-backend/src/routes/auth.js": {"path":"/Users/zainfarooki/QueueSystem/hardcode-backend/src/routes/auth.js","statementMap":{"0":{"start":{"line":1,"column":16},"end":{"line":1,"column":34}},"1":{"start":{"line":2,"column":15},"end":{"line":2,"column":31}},"2":{"start":{"line":3,"column":15},"end":{"line":3,"column":34}},"3":{"start":{"line":4,"column":12},"end":{"line":4,"column":35}},"4":{"start":{"line":5,"column":11},"end":{"line":5,"column":27}},"5":{"start":{"line":6,"column":19},"end":{"line":6,"column":55}},"6":{"start":{"line":9,"column":0},"end":{"line":38,"column":3}},"7":{"start":{"line":10,"column":36},"end":{"line":10,"column":44}},"8":{"start":{"line":11,"column":2},"end":{"line":12,"column":63}},"9":{"start":{"line":12,"column":4},"end":{"line":12,"column":63}},"10":{"start":{"line":13,"column":2},"end":{"line":14,"column":80}},"11":{"start":{"line":14,"column":4},"end":{"line":14,"column":80}},"12":{"start":{"line":15,"column":2},"end":{"line":16,"column":70}},"13":{"start":{"line":16,"column":4},"end":{"line":16,"column":70}},"14":{"start":{"line":17,"column":2},"end":{"line":18,"column":85}},"15":{"start":{"line":18,"column":4},"end":{"line":18,"column":85}},"16":{"start":{"line":20,"column":2},"end":{"line":37,"column":3}},"17":{"start":{"line":21,"column":23},"end":{"line":24,"column":5}},"18":{"start":{"line":25,"column":4},"end":{"line":26,"column":73}},"19":{"start":{"line":26,"column":6},"end":{"line":26,"column":73}},"20":{"start":{"line":28,"column":19},"end":{"line":28,"column":50}},"21":{"start":{"line":29,"column":21},"end":{"line":32,"column":5}},"22":{"start":{"line":34,"column":4},"end":{"line":34,"column":98}},"23":{"start":{"line":36,"column":4},"end":{"line":36,"column":59}},"24":{"start":{"line":41,"column":0},"end":{"line":73,"column":3}},"25":{"start":{"line":42,"column":30},"end":{"line":42,"column":38}},"26":{"start":{"line":43,"column":2},"end":{"line":44,"column":78}},"27":{"start":{"line":44,"column":4},"end":{"line":44,"column":78}},"28":{"start":{"line":45,"column":2},"end":{"line":46,"column":67}},"29":{"start":{"line":46,"column":4},"end":{"line":46,"column":67}},"30":{"start":{"line":47,"column":2},"end":{"line":48,"column":85}},"31":{"start":{"line":48,"column":4},"end":{"line":48,"column":85}},"32":{"start":{"line":50,"column":2},"end":{"line":72,"column":3}},"33":{"start":{"line":51,"column":19},"end":{"line":54,"column":5}},"34":{"start":{"line":55,"column":4},"end":{"line":56,"column":74}},"35":{"start":{"line":56,"column":6},"end":{"line":56,"column":74}},"36":{"start":{"line":58,"column":18},"end":{"line":58,"column":25}},"37":{"start":{"line":59,"column":18},"end":{"line":59,"column":63}},"38":{"start":{"line":60,"column":4},"end":{"line":61,"column":74}},"39":{"start":{"line":61,"column":6},"end":{"line":61,"column":74}},"40":{"start":{"line":63,"column":18},"end":{"line":67,"column":5}},"41":{"start":{"line":69,"column":4},"end":{"line":69,"column":107}},"42":{"start":{"line":71,"column":4},"end":{"line":71,"column":59}},"43":{"start":{"line":75,"column":0},"end":{"line":75,"column":24}}},"fnMap":{"0":{"name":"(anonymous_0)","decl":{"start":{"line":9,"column":25},"end":{"line":9,"column":26}},"loc":{"start":{"line":9,"column":45},"end":{"line":38,"column":1}},"line":9},"1":{"name":"(anonymous_1)","decl":{"start":{"line":41,"column":22},"end":{"line":41,"column":23}},"loc":{"start":{"line":41,"column":42},"end":{"line":73,"column":1}},"line":41}},"branchMap":{"0":{"loc":{"start":{"line":11,"column":2},"end":{"line":12,"column":63}},"type":"if","locations":[{"start":{"line":11,"column":2},"end":{"line":12,"column":63}},{"start":{},"end":{}}],"line":11},"1":{"loc":{"start":{"line":11,"column":6},"end":{"line":11,"column":39}},"type":"binary-expr","locations":[{"start":{"line":11,"column":6},"end":{"line":11,"column":11}},{"start":{"line":11,"column":15},"end":{"line":11,"column":39}}],"line":11},"2":{"loc":{"start":{"line":13,"column":2},"end":{"line":14,"column":80}},"type":"if","locations":[{"start":{"line":13,"column":2},"end":{"line":14,"column":80}},{"start":{},"end":{}}],"line":13},"3":{"loc":{"start":{"line":15,"column":2},"end":{"line":16,"column":70}},"type":"if","locations":[{"start":{"line":15,"column":2},"end":{"line":16,"column":70}},{"start":{},"end":{}}],"line":15},"4":{"loc":{"start":{"line":15,"column":6},"end":{"line":15,"column":57}},"type":"binary-expr","locations":[{"start":{"line":15,"column":6},"end":{"line":15,"column":12}},{"start":{"line":15,"column":16},"end":{"line":15,"column":57}}],"line":15},"5":{"loc":{"start":{"line":17,"column":2},"end":{"line":18,"column":85}},"type":"if","locations":[{"start":{"line":17,"column":2},"end":{"line":18,"column":85}},{"start":{},"end":{}}],"line":17},"6":{"loc":{"start":{"line":17,"column":6},"end":{"line":17,"column":38}},"type":"binary-expr","locations":[{"start":{"line":17,"column":6},"end":{"line":17,"column":15}},{"start":{"line":17,"column":19},"end":{"line":17,"column":38}}],"line":17},"7":{"loc":{"start":{"line":25,"column":4},"end":{"line":26,"column":73}},"type":"if","locations":[{"start":{"line":25,"column":4},"end":{"line":26,"column":73}},{"start":{},"end":{}}],"line":25},"8":{"loc":{"start":{"line":43,"column":2},"end":{"line":44,"column":78}},"type":"if","locations":[{"start":{"line":43,"column":2},"end":{"line":44,"column":78}},{"start":{},"end":{}}],"line":43},"9":{"loc":{"start":{"line":43,"column":6},"end":{"line":43,"column":25}},"type":"binary-expr","locations":[{"start":{"line":43,"column":6},"end":{"line":43,"column":12}},{"start":{"line":43,"column":16},"end":{"line":43,"column":25}}],"line":43},"10":{"loc":{"start":{"line":45,"column":2},"end":{"line":46,"column":67}},"type":"if","locations":[{"start":{"line":45,"column":2},"end":{"line":46,"column":67}},{"start":{},"end":{}}],"line":45},"11":{"loc":{"start":{"line":47,"column":2},"end":{"line":48,"column":85}},"type":"if","locations":[{"start":{"line":47,"column":2},"end":{"line":48,"column":85}},{"start":{},"end":{}}],"line":47},"12":{"loc":{"start":{"line":55,"column":4},"end":{"line":56,"column":74}},"type":"if","locations":[{"start":{"line":55,"column":4},"end":{"line":56,"column":74}},{"start":{},"end":{}}],"line":55},"13":{"loc":{"start":{"line":60,"column":4},"end":{"line":61,"column":74}},"type":"if","locations":[{"start":{"line":60,"column":4},"end":{"line":61,"column":74}},{"start":{},"end":{}}],"line":60}},"s":{"0":1,"1":1,"2":1,"3":1,"4":1,"5":1,"6":1,"7":3,"8":3,"9":1,"10":2,"11":0,"12":2,"13":1,"14":1,"15":1,"16":0,"17":0,"18":0,"19":0,"20":0,"21":0,"22":0,"23":0,"24":1,"25":5,"26":5,"27":1,"28":4,"29":1,"30":3,"31":0,"32":3,"33":3,"34":3,"35":0,"36":3,"37":3,"38":3,"39":1,"40":2,"41":2,"42":0,"43":1},"f":{"0":3,"1":5},"b":{"0":[1,2],"1":[3,2],"2":[0,2],"3":[1,1],"4":[2,2],"5":[1,0],"6":[1,1],"7":[0,0],"8":[1,4],"9":[5,4],"10":[1,3],"11":[0,3],"12":[0,3],"13":[1,2]},"_coverageSchema":"1a1c01bbd47fc00a2c39e90264f33305004495a9","hash":"27f4735a53f7ba1ddfec9d40124220d6db141fa4"}
,"/Users/zainfarooki/QueueSystem/hardcode-backend/src/routes/history.js": {"path":"/Users/zainfarooki/QueueSystem/hardcode-backend/src/routes/history.js","statementMap":{"0":{"start":{"line":1,"column":16},"end":{"line":1,"column":34}},"1":{"start":{"line":2,"column":15},"end":{"line":2,"column":31}},"2":{"start":{"line":3,"column":11},"end":{"line":3,"column":27}},"3":{"start":{"line":4,"column":36},"end":{"line":4,"column":72}},"4":{"start":{"line":7,"column":0},"end":{"line":21,"column":3}},"5":{"start":{"line":8,"column":2},"end":{"line":20,"column":3}},"6":{"start":{"line":9,"column":19},"end":{"line":16,"column":5}},"7":{"start":{"line":17,"column":4},"end":{"line":17,"column":26}},"8":{"start":{"line":19,"column":2},"end":{"line":19,"column":57}},"9":{"start":{"line":24,"column":0},"end":{"line":37,"column":3}},"10":{"start":{"line":25,"column":2},"end":{"line":36,"column":3}},"11":{"start":{"line":26,"column":19},"end":{"line":32,"column":5}},"12":{"start":{"line":33,"column":4},"end":{"line":33,"column":26}},"13":{"start":{"line":35,"column":2},"end":{"line":35,"column":57}},"14":{"start":{"line":39,"column":0},"end":{"line":39,"column":24}}},"fnMap":{"0":{"name":"(anonymous_0)","decl":{"start":{"line":7,"column":37},"end":{"line":7,"column":38}},"loc":{"start":{"line":7,"column":57},"end":{"line":21,"column":1}},"line":7},"1":{"name":"(anonymous_1)","decl":{"start":{"line":24,"column":41},"end":{"line":24,"column":42}},"loc":{"start":{"line":24,"column":61},"end":{"line":37,"column":1}},"line":24}},"branchMap":{},"s":{"0":1,"1":1,"2":1,"3":1,"4":1,"5":1,"6":1,"7":1,"8":0,"9":1,"10":0,"11":0,"12":0,"13":0,"14":1},"f":{"0":1,"1":0},"b":{},"_coverageSchema":"1a1c01bbd47fc00a2c39e90264f33305004495a9","hash":"c73381230f2971f1933d5d13fe4169dc5c8e0cbb"}
,"/Users/zainfarooki/QueueSystem/hardcode-backend/src/routes/notifications.js": {"path":"/Users/zainfarooki/QueueSystem/hardcode-backend/src/routes/notifications.js","statementMap":{"0":{"start":{"line":1,"column":16},"end":{"line":1,"column":34}},"1":{"start":{"line":2,"column":15},"end":{"line":2,"column":31}},"2":{"start":{"line":3,"column":11},"end":{"line":3,"column":27}},"3":{"start":{"line":4,"column":25},"end":{"line":4,"column":61}},"4":{"start":{"line":7,"column":0},"end":{"line":20,"column":3}},"5":{"start":{"line":8,"column":2},"end":{"line":19,"column":3}},"6":{"start":{"line":9,"column":19},"end":{"line":15,"column":5}},"7":{"start":{"line":16,"column":4},"end":{"line":16,"column":26}},"8":{"start":{"line":18,"column":4},"end":{"line":18,"column":59}},"9":{"start":{"line":23,"column":0},"end":{"line":40,"column":3}},"10":{"start":{"line":24,"column":2},"end":{"line":39,"column":3}},"11":{"start":{"line":25,"column":19},"end":{"line":28,"column":5}},"12":{"start":{"line":29,"column":4},"end":{"line":30,"column":71}},"13":{"start":{"line":30,"column":6},"end":{"line":30,"column":71}},"14":{"start":{"line":32,"column":4},"end":{"line":35,"column":6}},"15":{"start":{"line":36,"column":4},"end":{"line":36,"column":52}},"16":{"start":{"line":38,"column":4},"end":{"line":38,"column":59}},"17":{"start":{"line":43,"column":0},"end":{"line":53,"column":3}},"18":{"start":{"line":44,"column":2},"end":{"line":52,"column":3}},"19":{"start":{"line":45,"column":4},"end":{"line":48,"column":6}},"20":{"start":{"line":49,"column":4},"end":{"line":49,"column":70}},"21":{"start":{"line":51,"column":2},"end":{"line":51,"column":57}},"22":{"start":{"line":55,"column":0},"end":{"line":55,"column":24}}},"fnMap":{"0":{"name":"(anonymous_0)","decl":{"start":{"line":7,"column":38},"end":{"line":7,"column":39}},"loc":{"start":{"line":7,"column":58},"end":{"line":20,"column":1}},"line":7},"1":{"name":"(anonymous_1)","decl":{"start":{"line":23,"column":40},"end":{"line":23,"column":41}},"loc":{"start":{"line":23,"column":60},"end":{"line":40,"column":1}},"line":23},"2":{"name":"(anonymous_2)","decl":{"start":{"line":43,"column":53},"end":{"line":43,"column":54}},"loc":{"start":{"line":43,"column":73},"end":{"line":53,"column":1}},"line":43}},"branchMap":{"0":{"loc":{"start":{"line":29,"column":4},"end":{"line":30,"column":71}},"type":"if","locations":[{"start":{"line":29,"column":4},"end":{"line":30,"column":71}},{"start":{},"end":{}}],"line":29}},"s":{"0":1,"1":1,"2":1,"3":1,"4":1,"5":1,"6":1,"7":1,"8":0,"9":1,"10":0,"11":0,"12":0,"13":0,"14":0,"15":0,"16":0,"17":1,"18":0,"19":0,"20":0,"21":0,"22":1},"f":{"0":1,"1":0,"2":0},"b":{"0":[0,0]},"_coverageSchema":"1a1c01bbd47fc00a2c39e90264f33305004495a9","hash":"db7734f503c3cd96c2e4b830a8597ea21fc3ec62"}
,"/Users/zainfarooki/QueueSystem/hardcode-backend/src/routes/queue.js": {"path":"/Users/zainfarooki/QueueSystem/hardcode-backend/src/routes/queue.js","statementMap":{"0":{"start":{"line":1,"column":16},"end":{"line":1,"column":34}},"1":{"start":{"line":2,"column":15},"end":{"line":2,"column":31}},"2":{"start":{"line":3,"column":11},"end":{"line":3,"column":27}},"3":{"start":{"line":4,"column":36},"end":{"line":4,"column":72}},"4":{"start":{"line":7,"column":0},"end":{"line":21,"column":3}},"5":{"start":{"line":8,"column":2},"end":{"line":20,"column":3}},"6":{"start":{"line":9,"column":22},"end":{"line":16,"column":5}},"7":{"start":{"line":17,"column":4},"end":{"line":17,"column":29}},"8":{"start":{"line":19,"column":4},"end":{"line":19,"column":59}},"9":{"start":{"line":24,"column":0},"end":{"line":77,"column":3}},"10":{"start":{"line":25,"column":24},"end":{"line":25,"column":32}},"11":{"start":{"line":26,"column":19},"end":{"line":26,"column":30}},"12":{"start":{"line":27,"column":19},"end":{"line":27,"column":32}},"13":{"start":{"line":29,"column":2},"end":{"line":30,"column":68}},"14":{"start":{"line":30,"column":4},"end":{"line":30,"column":68}},"15":{"start":{"line":32,"column":2},"end":{"line":76,"column":3}},"16":{"start":{"line":33,"column":23},"end":{"line":36,"column":5}},"17":{"start":{"line":37,"column":4},"end":{"line":38,"column":66}},"18":{"start":{"line":38,"column":6},"end":{"line":38,"column":66}},"19":{"start":{"line":40,"column":20},"end":{"line":40,"column":31}},"20":{"start":{"line":41,"column":4},"end":{"line":42,"column":81}},"21":{"start":{"line":42,"column":6},"end":{"line":42,"column":81}},"22":{"start":{"line":44,"column":22},"end":{"line":47,"column":5}},"23":{"start":{"line":48,"column":4},"end":{"line":49,"column":92}},"24":{"start":{"line":49,"column":6},"end":{"line":49,"column":92}},"25":{"start":{"line":51,"column":24},"end":{"line":54,"column":5}},"26":{"start":{"line":55,"column":27},"end":{"line":55,"column":49}},"27":{"start":{"line":56,"column":27},"end":{"line":56,"column":63}},"28":{"start":{"line":58,"column":21},"end":{"line":61,"column":5}},"29":{"start":{"line":64,"column":4},"end":{"line":67,"column":6}},"30":{"start":{"line":69,"column":20},"end":{"line":72,"column":5}},"31":{"start":{"line":73,"column":4},"end":{"line":73,"column":42}},"32":{"start":{"line":75,"column":4},"end":{"line":75,"column":59}},"33":{"start":{"line":80,"column":0},"end":{"line":125,"column":3}},"34":{"start":{"line":81,"column":17},"end":{"line":81,"column":28}},"35":{"start":{"line":83,"column":2},"end":{"line":124,"column":3}},"36":{"start":{"line":84,"column":22},"end":{"line":90,"column":5}},"37":{"start":{"line":91,"column":4},"end":{"line":92,"column":73}},"38":{"start":{"line":92,"column":6},"end":{"line":92,"column":73}},"39":{"start":{"line":94,"column":18},"end":{"line":94,"column":28}},"40":{"start":{"line":95,"column":4},"end":{"line":95,"column":72}},"41":{"start":{"line":98,"column":24},"end":{"line":101,"column":5}},"42":{"start":{"line":102,"column":4},"end":{"line":107,"column":5}},"43":{"start":{"line":102,"column":17},"end":{"line":102,"column":18}},"44":{"start":{"line":103,"column":6},"end":{"line":106,"column":8}},"45":{"start":{"line":110,"column":4},"end":{"line":113,"column":6}},"46":{"start":{"line":116,"column":4},"end":{"line":119,"column":6}},"47":{"start":{"line":121,"column":4},"end":{"line":121,"column":61}},"48":{"start":{"line":123,"column":4},"end":{"line":123,"column":59}},"49":{"start":{"line":128,"column":0},"end":{"line":181,"column":3}},"50":{"start":{"line":130,"column":2},"end":{"line":180,"column":3}},"51":{"start":{"line":131,"column":23},"end":{"line":134,"column":5}},"52":{"start":{"line":135,"column":4},"end":{"line":136,"column":66}},"53":{"start":{"line":136,"column":6},"end":{"line":136,"column":66}},"54":{"start":{"line":138,"column":22},"end":{"line":141,"column":5}},"55":{"start":{"line":142,"column":4},"end":{"line":143,"column":66}},"56":{"start":{"line":143,"column":6},"end":{"line":143,"column":66}},"57":{"start":{"line":145,"column":18},"end":{"line":145,"column":28}},"58":{"start":{"line":146,"column":4},"end":{"line":149,"column":6}},"59":{"start":{"line":152,"column":4},"end":{"line":155,"column":6}},"60":{"start":{"line":158,"column":4},"end":{"line":161,"column":6}},"61":{"start":{"line":164,"column":24},"end":{"line":167,"column":5}},"62":{"start":{"line":168,"column":4},"end":{"line":173,"column":5}},"63":{"start":{"line":168,"column":17},"end":{"line":168,"column":18}},"64":{"start":{"line":169,"column":6},"end":{"line":172,"column":8}},"65":{"start":{"line":176,"column":19},"end":{"line":176,"column":89}},"66":{"start":{"line":177,"column":4},"end":{"line":177,"column":61}},"67":{"start":{"line":179,"column":4},"end":{"line":179,"column":59}},"68":{"start":{"line":184,"column":0},"end":{"line":199,"column":3}},"69":{"start":{"line":186,"column":2},"end":{"line":198,"column":3}},"70":{"start":{"line":187,"column":19},"end":{"line":193,"column":5}},"71":{"start":{"line":194,"column":4},"end":{"line":194,"column":63}},"72":{"start":{"line":194,"column":27},"end":{"line":194,"column":63}},"73":{"start":{"line":195,"column":4},"end":{"line":195,"column":51}},"74":{"start":{"line":197,"column":4},"end":{"line":197,"column":59}},"75":{"start":{"line":201,"column":0},"end":{"line":201,"column":24}}},"fnMap":{"0":{"name":"(anonymous_0)","decl":{"start":{"line":7,"column":51},"end":{"line":7,"column":52}},"loc":{"start":{"line":7,"column":71},"end":{"line":21,"column":1}},"line":7},"1":{"name":"(anonymous_1)","decl":{"start":{"line":24,"column":35},"end":{"line":24,"column":36}},"loc":{"start":{"line":24,"column":55},"end":{"line":77,"column":1}},"line":24},"2":{"name":"(anonymous_2)","decl":{"start":{"line":80,"column":36},"end":{"line":80,"column":37}},"loc":{"start":{"line":80,"column":56},"end":{"line":125,"column":1}},"line":80},"3":{"name":"(anonymous_3)","decl":{"start":{"line":128,"column":63},"end":{"line":128,"column":64}},"loc":{"start":{"line":128,"column":83},"end":{"line":181,"column":1}},"line":128},"4":{"name":"(anonymous_4)","decl":{"start":{"line":184,"column":44},"end":{"line":184,"column":45}},"loc":{"start":{"line":184,"column":64},"end":{"line":199,"column":1}},"line":184}},"branchMap":{"0":{"loc":{"start":{"line":29,"column":2},"end":{"line":30,"column":68}},"type":"if","locations":[{"start":{"line":29,"column":2},"end":{"line":30,"column":68}},{"start":{},"end":{}}],"line":29},"1":{"loc":{"start":{"line":37,"column":4},"end":{"line":38,"column":66}},"type":"if","locations":[{"start":{"line":37,"column":4},"end":{"line":38,"column":66}},{"start":{},"end":{}}],"line":37},"2":{"loc":{"start":{"line":41,"column":4},"end":{"line":42,"column":81}},"type":"if","locations":[{"start":{"line":41,"column":4},"end":{"line":42,"column":81}},{"start":{},"end":{}}],"line":41},"3":{"loc":{"start":{"line":48,"column":4},"end":{"line":49,"column":92}},"type":"if","locations":[{"start":{"line":48,"column":4},"end":{"line":49,"column":92}},{"start":{},"end":{}}],"line":48},"4":{"loc":{"start":{"line":91,"column":4},"end":{"line":92,"column":73}},"type":"if","locations":[{"start":{"line":91,"column":4},"end":{"line":92,"column":73}},{"start":{},"end":{}}],"line":91},"5":{"loc":{"start":{"line":135,"column":4},"end":{"line":136,"column":66}},"type":"if","locations":[{"start":{"line":135,"column":4},"end":{"line":136,"column":66}},{"start":{},"end":{}}],"line":135},"6":{"loc":{"start":{"line":142,"column":4},"end":{"line":143,"column":66}},"type":"if","locations":[{"start":{"line":142,"column":4},"end":{"line":143,"column":66}},{"start":{},"end":{}}],"line":142},"7":{"loc":{"start":{"line":194,"column":4},"end":{"line":194,"column":63}},"type":"if","locations":[{"start":{"line":194,"column":4},"end":{"line":194,"column":63}},{"start":{},"end":{}}],"line":194}},"s":{"0":1,"1":1,"2":1,"3":1,"4":1,"5":0,"6":0,"7":0,"8":0,"9":1,"10":2,"11":2,"12":2,"13":2,"14":1,"15":1,"16":1,"17":1,"18":1,"19":0,"20":0,"21":0,"22":0,"23":0,"24":0,"25":0,"26":0,"27":0,"28":0,"29":0,"30":0,"31":0,"32":0,"33":1,"34":0,"35":0,"36":0,"37":0,"38":0,"39":0,"40":0,"41":0,"42":0,"43":0,"44":0,"45":0,"46":0,"47":0,"48":0,"49":1,"50":1,"51":1,"52":1,"53":0,"54":1,"55":1,"56":0,"57":1,"58":1,"59":1,"60":1,"61":1,"62":1,"63":1,"64":2,"65":1,"66":1,"67":0,"68":1,"69":0,"70":0,"71":0,"72":0,"73":0,"74":0,"75":1},"f":{"0":0,"1":2,"2":0,"3":1,"4":0},"b":{"0":[1,1],"1":[1,0],"2":[0,0],"3":[0,0],"4":[0,0],"5":[0,1],"6":[0,1],"7":[0,0]},"_coverageSchema":"1a1c01bbd47fc00a2c39e90264f33305004495a9","hash":"5f50ac37e5589adcd8b16184cf2f4e6d5befb77d"}
,"/Users/zainfarooki/QueueSystem/hardcode-backend/src/routes/reports.js": {"path":"/Users/zainfarooki/QueueSystem/hardcode-backend/src/routes/reports.js","statementMap":{"0":{"start":{"line":1,"column":16},"end":{"line":1,"column":34}},"1":{"start":{"line":2,"column":16},"end":{"line":2,"column":32}},"2":{"start":{"line":3,"column":16},"end":{"line":3,"column":32}},"3":{"start":{"line":4,"column":36},"end":{"line":4,"column":72}},"4":{"start":{"line":7,"column":0},"end":{"line":25,"column":3}},"5":{"start":{"line":8,"column":2},"end":{"line":24,"column":3}},"6":{"start":{"line":9,"column":29},"end":{"line":9,"column":102}},"7":{"start":{"line":10,"column":29},"end":{"line":10,"column":85}},"8":{"start":{"line":11,"column":29},"end":{"line":11,"column":113}},"9":{"start":{"line":12,"column":29},"end":{"line":12,"column":114}},"10":{"start":{"line":13,"column":29},"end":{"line":13,"column":122}},"11":{"start":{"line":15,"column":4},"end":{"line":21,"column":7}},"12":{"start":{"line":23,"column":4},"end":{"line":23,"column":52}},"13":{"start":{"line":28,"column":0},"end":{"line":47,"column":3}},"14":{"start":{"line":29,"column":2},"end":{"line":46,"column":3}},"15":{"start":{"line":30,"column":19},"end":{"line":42,"column":5}},"16":{"start":{"line":43,"column":4},"end":{"line":43,"column":19}},"17":{"start":{"line":45,"column":4},"end":{"line":45,"column":52}},"18":{"start":{"line":50,"column":0},"end":{"line":69,"column":3}},"19":{"start":{"line":51,"column":2},"end":{"line":68,"column":3}},"20":{"start":{"line":52,"column":19},"end":{"line":64,"column":5}},"21":{"start":{"line":65,"column":4},"end":{"line":65,"column":19}},"22":{"start":{"line":67,"column":4},"end":{"line":67,"column":52}},"23":{"start":{"line":73,"column":0},"end":{"line":100,"column":3}},"24":{"start":{"line":74,"column":2},"end":{"line":99,"column":3}},"25":{"start":{"line":75,"column":36},"end":{"line":75,"column":45}},"26":{"start":{"line":77,"column":16},"end":{"line":86,"column":5}},"27":{"start":{"line":87,"column":19},"end":{"line":87,"column":21}},"28":{"start":{"line":89,"column":4},"end":{"line":89,"column":80}},"29":{"start":{"line":89,"column":21},"end":{"line":89,"column":54}},"30":{"start":{"line":89,"column":55},"end":{"line":89,"column":78}},"31":{"start":{"line":90,"column":4},"end":{"line":90,"column":76}},"32":{"start":{"line":90,"column":21},"end":{"line":90,"column":49}},"33":{"start":{"line":90,"column":56},"end":{"line":90,"column":74}},"34":{"start":{"line":91,"column":4},"end":{"line":91,"column":74}},"35":{"start":{"line":91,"column":21},"end":{"line":91,"column":49}},"36":{"start":{"line":91,"column":56},"end":{"line":91,"column":72}},"37":{"start":{"line":93,"column":4},"end":{"line":93,"column":37}},"38":{"start":{"line":95,"column":19},"end":{"line":95,"column":48}},"39":{"start":{"line":96,"column":4},"end":{"line":96,"column":19}},"40":{"start":{"line":98,"column":4},"end":{"line":98,"column":52}},"41":{"start":{"line":102,"column":0},"end":{"line":102,"column":24}}},"fnMap":{"0":{"name":"(anonymous_0)","decl":{"start":{"line":7,"column":48},"end":{"line":7,"column":49}},"loc":{"start":{"line":7,"column":68},"end":{"line":25,"column":1}},"line":7},"1":{"name":"(anonymous_1)","decl":{"start":{"line":28,"column":46},"end":{"line":28,"column":47}},"loc":{"start":{"line":28,"column":66},"end":{"line":47,"column":1}},"line":28},"2":{"name":"(anonymous_2)","decl":{"start":{"line":50,"column":49},"end":{"line":50,"column":50}},"loc":{"start":{"line":50,"column":69},"end":{"line":69,"column":1}},"line":50},"3":{"name":"(anonymous_3)","decl":{"start":{"line":73,"column":48},"end":{"line":73,"column":49}},"loc":{"start":{"line":73,"column":68},"end":{"line":100,"column":1}},"line":73}},"branchMap":{"0":{"loc":{"start":{"line":20,"column":28},"end":{"line":20,"column":69}},"type":"cond-expr","locations":[{"start":{"line":20,"column":42},"end":{"line":20,"column":65}},{"start":{"line":20,"column":68},"end":{"line":20,"column":69}}],"line":20},"1":{"loc":{"start":{"line":89,"column":4},"end":{"line":89,"column":80}},"type":"if","locations":[{"start":{"line":89,"column":4},"end":{"line":89,"column":80}},{"start":{},"end":{}}],"line":89},"2":{"loc":{"start":{"line":90,"column":4},"end":{"line":90,"column":76}},"type":"if","locations":[{"start":{"line":90,"column":4},"end":{"line":90,"column":76}},{"start":{},"end":{}}],"line":90},"3":{"loc":{"start":{"line":91,"column":4},"end":{"line":91,"column":74}},"type":"if","locations":[{"start":{"line":91,"column":4},"end":{"line":91,"column":74}},{"start":{},"end":{}}],"line":91}},"s":{"0":1,"1":1,"2":1,"3":1,"4":1,"5":1,"6":1,"7":1,"8":1,"9":1,"10":1,"11":1,"12":0,"13":1,"14":1,"15":1,"16":1,"17":0,"18":1,"19":1,"20":1,"21":1,"22":0,"23":1,"24":3,"25":3,"26":3,"27":3,"28":3,"29":1,"30":1,"31":3,"32":1,"33":1,"34":3,"35":1,"36":1,"37":3,"38":3,"39":3,"40":0,"41":1},"f":{"0":1,"1":1,"2":1,"3":3},"b":{"0":[1,0],"1":[1,2],"2":[1,2],"3":[1,2]},"_coverageSchema":"1a1c01bbd47fc00a2c39e90264f33305004495a9","hash":"23703018e1f1921704a7e6d4aad5051492a81315"}
,"/Users/zainfarooki/QueueSystem/hardcode-backend/src/routes/services.js": {"path":"/Users/zainfarooki/QueueSystem/hardcode-backend/src/routes/services.js","statementMap":{"0":{"start":{"line":1,"column":16},"end":{"line":1,"column":34}},"1":{"start":{"line":2,"column":15},"end":{"line":2,"column":31}},"2":{"start":{"line":3,"column":11},"end":{"line":3,"column":27}},"3":{"start":{"line":4,"column":36},"end":{"line":4,"column":72}},"4":{"start":{"line":7,"column":0},"end":{"line":14,"column":3}},"5":{"start":{"line":8,"column":2},"end":{"line":13,"column":3}},"6":{"start":{"line":9,"column":19},"end":{"line":9,"column":59}},"7":{"start":{"line":10,"column":4},"end":{"line":10,"column":26}},"8":{"start":{"line":12,"column":2},"end":{"line":12,"column":57}},"9":{"start":{"line":17,"column":0},"end":{"line":28,"column":4}},"10":{"start":{"line":18,"column":2},"end":{"line":28,"column":1}},"11":{"start":{"line":19,"column":19},"end":{"line":22,"column":5}},"12":{"start":{"line":23,"column":4},"end":{"line":24,"column":67}},"13":{"start":{"line":24,"column":6},"end":{"line":24,"column":67}},"14":{"start":{"line":25,"column":4},"end":{"line":25,"column":29}},"15":{"start":{"line":27,"column":2},"end":{"line":27,"column":57}},"16":{"start":{"line":31,"column":0},"end":{"line":66,"column":3}},"17":{"start":{"line":32,"column":52},"end":{"line":32,"column":60}},"18":{"start":{"line":34,"column":2},"end":{"line":35,"column":71}},"19":{"start":{"line":35,"column":4},"end":{"line":35,"column":71}},"20":{"start":{"line":36,"column":2},"end":{"line":37,"column":80}},"21":{"start":{"line":37,"column":4},"end":{"line":37,"column":80}},"22":{"start":{"line":38,"column":2},"end":{"line":39,"column":70}},"23":{"start":{"line":39,"column":4},"end":{"line":39,"column":70}},"24":{"start":{"line":40,"column":2},"end":{"line":41,"column":81}},"25":{"start":{"line":41,"column":4},"end":{"line":41,"column":81}},"26":{"start":{"line":42,"column":2},"end":{"line":43,"column":84}},"27":{"start":{"line":43,"column":4},"end":{"line":43,"column":84}},"28":{"start":{"line":45,"column":2},"end":{"line":65,"column":3}},"29":{"start":{"line":46,"column":23},"end":{"line":49,"column":5}},"30":{"start":{"line":50,"column":4},"end":{"line":51,"column":88}},"31":{"start":{"line":51,"column":6},"end":{"line":51,"column":88}},"32":{"start":{"line":53,"column":21},"end":{"line":56,"column":5}},"33":{"start":{"line":58,"column":19},"end":{"line":61,"column":5}},"34":{"start":{"line":62,"column":4},"end":{"line":62,"column":41}},"35":{"start":{"line":64,"column":4},"end":{"line":64,"column":59}},"36":{"start":{"line":69,"column":0},"end":{"line":98,"column":4}},"37":{"start":{"line":70,"column":2},"end":{"line":98,"column":1}},"38":{"start":{"line":71,"column":19},"end":{"line":74,"column":5}},"39":{"start":{"line":75,"column":4},"end":{"line":76,"column":66}},"40":{"start":{"line":76,"column":6},"end":{"line":76,"column":66}},"41":{"start":{"line":78,"column":54},"end":{"line":78,"column":62}},"42":{"start":{"line":79,"column":20},"end":{"line":79,"column":27}},"43":{"start":{"line":81,"column":31},"end":{"line":81,"column":58}},"44":{"start":{"line":82,"column":31},"end":{"line":82,"column":65}},"45":{"start":{"line":83,"column":31},"end":{"line":83,"column":71}},"46":{"start":{"line":84,"column":31},"end":{"line":84,"column":62}},"47":{"start":{"line":86,"column":4},"end":{"line":89,"column":6}},"48":{"start":{"line":91,"column":22},"end":{"line":94,"column":5}},"49":{"start":{"line":95,"column":4},"end":{"line":95,"column":32}},"50":{"start":{"line":97,"column":2},"end":{"line":97,"column":57}},"51":{"start":{"line":101,"column":0},"end":{"line":123,"column":4}},"52":{"start":{"line":102,"column":2},"end":{"line":123,"column":1}},"53":{"start":{"line":103,"column":19},"end":{"line":106,"column":5}},"54":{"start":{"line":107,"column":4},"end":{"line":108,"column":66}},"55":{"start":{"line":108,"column":6},"end":{"line":108,"column":66}},"56":{"start":{"line":110,"column":20},"end":{"line":110,"column":27}},"57":{"start":{"line":111,"column":4},"end":{"line":114,"column":6}},"58":{"start":{"line":116,"column":22},"end":{"line":119,"column":5}},"59":{"start":{"line":120,"column":4},"end":{"line":120,"column":32}},"60":{"start":{"line":122,"column":2},"end":{"line":122,"column":57}},"61":{"start":{"line":125,"column":0},"end":{"line":125,"column":24}}},"fnMap":{"0":{"name":"(anonymous_0)","decl":{"start":{"line":7,"column":30},"end":{"line":7,"column":31}},"loc":{"start":{"line":7,"column":50},"end":{"line":14,"column":1}},"line":7},"1":{"name":"(anonymous_1)","decl":{"start":{"line":17,"column":33},"end":{"line":17,"column":34}},"loc":{"start":{"line":17,"column":53},"end":{"line":28,"column":2}},"line":17},"2":{"name":"(anonymous_2)","decl":{"start":{"line":31,"column":42},"end":{"line":31,"column":43}},"loc":{"start":{"line":31,"column":62},"end":{"line":66,"column":1}},"line":31},"3":{"name":"(anonymous_3)","decl":{"start":{"line":69,"column":46},"end":{"line":69,"column":47}},"loc":{"start":{"line":69,"column":66},"end":{"line":98,"column":2}},"line":69},"4":{"name":"(anonymous_4)","decl":{"start":{"line":101,"column":53},"end":{"line":101,"column":54}},"loc":{"start":{"line":101,"column":73},"end":{"line":123,"column":2}},"line":101}},"branchMap":{"0":{"loc":{"start":{"line":23,"column":4},"end":{"line":24,"column":67}},"type":"if","locations":[{"start":{"line":23,"column":4},"end":{"line":24,"column":67}},{"start":{},"end":{}}],"line":23},"1":{"loc":{"start":{"line":34,"column":2},"end":{"line":35,"column":71}},"type":"if","locations":[{"start":{"line":34,"column":2},"end":{"line":35,"column":71}},{"start":{},"end":{}}],"line":34},"2":{"loc":{"start":{"line":34,"column":6},"end":{"line":34,"column":39}},"type":"binary-expr","locations":[{"start":{"line":34,"column":6},"end":{"line":34,"column":11}},{"start":{"line":34,"column":15},"end":{"line":34,"column":39}}],"line":34},"3":{"loc":{"start":{"line":36,"column":2},"end":{"line":37,"column":80}},"type":"if","locations":[{"start":{"line":36,"column":2},"end":{"line":37,"column":80}},{"start":{},"end":{}}],"line":36},"4":{"loc":{"start":{"line":38,"column":2},"end":{"line":39,"column":70}},"type":"if","locations":[{"start":{"line":38,"column":2},"end":{"line":39,"column":70}},{"start":{},"end":{}}],"line":38},"5":{"loc":{"start":{"line":38,"column":6},"end":{"line":38,"column":53}},"type":"binary-expr","locations":[{"start":{"line":38,"column":6},"end":{"line":38,"column":18}},{"start":{"line":38,"column":22},"end":{"line":38,"column":53}}],"line":38},"6":{"loc":{"start":{"line":40,"column":2},"end":{"line":41,"column":81}},"type":"if","locations":[{"start":{"line":40,"column":2},"end":{"line":41,"column":81}},{"start":{},"end":{}}],"line":40},"7":{"loc":{"start":{"line":40,"column":6},"end":{"line":40,"column":39}},"type":"binary-expr","locations":[{"start":{"line":40,"column":6},"end":{"line":40,"column":15}},{"start":{"line":40,"column":19},"end":{"line":40,"column":39}}],"line":40},"8":{"loc":{"start":{"line":42,"column":2},"end":{"line":43,"column":84}},"type":"if","locations":[{"start":{"line":42,"column":2},"end":{"line":43,"column":84}},{"start":{},"end":{}}],"line":42},"9":{"loc":{"start":{"line":50,"column":4},"end":{"line":51,"column":88}},"type":"if","locations":[{"start":{"line":50,"column":4},"end":{"line":51,"column":88}},{"start":{},"end":{}}],"line":50},"10":{"loc":{"start":{"line":75,"column":4},"end":{"line":76,"column":66}},"type":"if","locations":[{"start":{"line":75,"column":4},"end":{"line":76,"column":66}},{"start":{},"end":{}}],"line":75},"11":{"loc":{"start":{"line":81,"column":31},"end":{"line":81,"column":58}},"type":"binary-expr","locations":[{"start":{"line":81,"column":31},"end":{"line":81,"column":35}},{"start":{"line":81,"column":46},"end":{"line":81,"column":58}}],"line":81},"12":{"loc":{"start":{"line":82,"column":31},"end":{"line":82,"column":65}},"type":"binary-expr","locations":[{"start":{"line":82,"column":31},"end":{"line":82,"column":42}},{"start":{"line":82,"column":46},"end":{"line":82,"column":65}}],"line":82},"13":{"loc":{"start":{"line":83,"column":31},"end":{"line":83,"column":71}},"type":"binary-expr","locations":[{"start":{"line":83,"column":31},"end":{"line":83,"column":39}},{"start":{"line":83,"column":46},"end":{"line":83,"column":71}}],"line":83},"14":{"loc":{"start":{"line":84,"column":31},"end":{"line":84,"column":62}},"type":"binary-expr","locations":[{"start":{"line":84,"column":31},"end":{"line":84,"column":39}},{"start":{"line":84,"column":46},"end":{"line":84,"column":62}}],"line":84},"15":{"loc":{"start":{"line":107,"column":4},"end":{"line":108,"column":66}},"type":"if","locations":[{"start":{"line":107,"column":4},"end":{"line":108,"column":66}},{"start":{},"end":{}}],"line":107}},"s":{"0":1,"1":1,"2":1,"3":1,"4":1,"5":1,"6":1,"7":1,"8":0,"9":1,"10":0,"11":0,"12":0,"13":0,"14":0,"15":0,"16":1,"17":3,"18":3,"19":1,"20":2,"21":0,"22":2,"23":0,"24":2,"25":1,"26":1,"27":1,"28":0,"29":0,"30":0,"31":0,"32":0,"33":0,"34":0,"35":0,"36":1,"37":0,"38":0,"39":0,"40":0,"41":0,"42":0,"43":0,"44":0,"45":0,"46":0,"47":0,"48":0,"49":0,"50":0,"51":1,"52":0,"53":0,"54":0,"55":0,"56":0,"57":0,"58":0,"59":0,"60":0,"61":1},"f":{"0":1,"1":0,"2":3,"3":0,"4":0},"b":{"0":[0,0],"1":[1,2],"2":[3,2],"3":[0,2],"4":[0,2],"5":[2,2],"6":[1,1],"7":[2,2],"8":[1,0],"9":[0,0],"10":[0,0],"11":[0,0],"12":[0,0],"13":[0,0],"14":[0,0],"15":[0,0]},"_coverageSchema":"1a1c01bbd47fc00a2c39e90264f33305004495a9","hash":"ab789d3d719dbda2f71b4b41cad3d354bee9638a"}
,"/Users/zainfarooki/QueueSystem/hardcode-backend/src/routes/smart.js": {"path":"/Users/zainfarooki/QueueSystem/hardcode-backend/src/routes/smart.js","statementMap":{"0":{"start":{"line":1,"column":16},"end":{"line":1,"column":34}},"1":{"start":{"line":2,"column":15},"end":{"line":2,"column":31}},"2":{"start":{"line":3,"column":11},"end":{"line":3,"column":27}},"3":{"start":{"line":4,"column":25},"end":{"line":4,"column":61}},"4":{"start":{"line":8,"column":0},"end":{"line":61,"column":3}},"5":{"start":{"line":9,"column":2},"end":{"line":60,"column":3}},"6":{"start":{"line":10,"column":21},"end":{"line":13,"column":5}},"7":{"start":{"line":14,"column":4},"end":{"line":15,"column":66}},"8":{"start":{"line":15,"column":6},"end":{"line":15,"column":66}},"9":{"start":{"line":17,"column":26},"end":{"line":17,"column":35}},"10":{"start":{"line":20,"column":28},"end":{"line":23,"column":5}},"11":{"start":{"line":24,"column":23},"end":{"line":24,"column":80}},"12":{"start":{"line":27,"column":21},"end":{"line":37,"column":5}},"13":{"start":{"line":40,"column":25},"end":{"line":40,"column":74}},"14":{"start":{"line":40,"column":44},"end":{"line":40,"column":73}},"15":{"start":{"line":42,"column":4},"end":{"line":57,"column":7}},"16":{"start":{"line":48,"column":43},"end":{"line":55,"column":7}},"17":{"start":{"line":59,"column":4},"end":{"line":59,"column":52}},"18":{"start":{"line":65,"column":0},"end":{"line":110,"column":3}},"19":{"start":{"line":66,"column":2},"end":{"line":109,"column":3}},"20":{"start":{"line":67,"column":22},"end":{"line":70,"column":5}},"21":{"start":{"line":71,"column":4},"end":{"line":72,"column":66}},"22":{"start":{"line":72,"column":6},"end":{"line":72,"column":66}},"23":{"start":{"line":75,"column":25},"end":{"line":85,"column":5}},"24":{"start":{"line":87,"column":4},"end":{"line":93,"column":5}},"25":{"start":{"line":88,"column":6},"end":{"line":92,"column":9}},"26":{"start":{"line":96,"column":22},"end":{"line":100,"column":7}},"27":{"start":{"line":96,"column":55},"end":{"line":100,"column":5}},"28":{"start":{"line":102,"column":4},"end":{"line":106,"column":7}},"29":{"start":{"line":104,"column":89},"end":{"line":104,"column":96}},"30":{"start":{"line":108,"column":4},"end":{"line":108,"column":52}},"31":{"start":{"line":112,"column":19},"end":{"line":117,"column":1}},"32":{"start":{"line":113,"column":2},"end":{"line":113,"column":37}},"33":{"start":{"line":113,"column":19},"end":{"line":113,"column":37}},"34":{"start":{"line":114,"column":2},"end":{"line":114,"column":41}},"35":{"start":{"line":114,"column":18},"end":{"line":114,"column":41}},"36":{"start":{"line":115,"column":2},"end":{"line":115,"column":37}},"37":{"start":{"line":115,"column":19},"end":{"line":115,"column":37}},"38":{"start":{"line":116,"column":2},"end":{"line":116,"column":30}},"39":{"start":{"line":119,"column":0},"end":{"line":119,"column":24}}},"fnMap":{"0":{"name":"(anonymous_0)","decl":{"start":{"line":8,"column":50},"end":{"line":8,"column":51}},"loc":{"start":{"line":8,"column":70},"end":{"line":61,"column":1}},"line":8},"1":{"name":"(anonymous_1)","decl":{"start":{"line":40,"column":39},"end":{"line":40,"column":40}},"loc":{"start":{"line":40,"column":44},"end":{"line":40,"column":73}},"line":40},"2":{"name":"(anonymous_2)","decl":{"start":{"line":48,"column":37},"end":{"line":48,"column":38}},"loc":{"start":{"line":48,"column":43},"end":{"line":55,"column":7}},"line":48},"3":{"name":"(anonymous_3)","decl":{"start":{"line":65,"column":50},"end":{"line":65,"column":51}},"loc":{"start":{"line":65,"column":70},"end":{"line":110,"column":1}},"line":65},"4":{"name":"(anonymous_4)","decl":{"start":{"line":96,"column":49},"end":{"line":96,"column":50}},"loc":{"start":{"line":96,"column":55},"end":{"line":100,"column":5}},"line":96},"5":{"name":"(anonymous_5)","decl":{"start":{"line":104,"column":84},"end":{"line":104,"column":85}},"loc":{"start":{"line":104,"column":89},"end":{"line":104,"column":96}},"line":104},"6":{"name":"(anonymous_6)","decl":{"start":{"line":112,"column":19},"end":{"line":112,"column":20}},"loc":{"start":{"line":112,"column":29},"end":{"line":117,"column":1}},"line":112}},"branchMap":{"0":{"loc":{"start":{"line":14,"column":4},"end":{"line":15,"column":66}},"type":"if","locations":[{"start":{"line":14,"column":4},"end":{"line":15,"column":66}},{"start":{},"end":{}}],"line":14},"1":{"loc":{"start":{"line":71,"column":4},"end":{"line":72,"column":66}},"type":"if","locations":[{"start":{"line":71,"column":4},"end":{"line":72,"column":66}},{"start":{},"end":{}}],"line":71},"2":{"loc":{"start":{"line":87,"column":4},"end":{"line":93,"column":5}},"type":"if","locations":[{"start":{"line":87,"column":4},"end":{"line":93,"column":5}},{"start":{},"end":{}}],"line":87},"3":{"loc":{"start":{"line":113,"column":2},"end":{"line":113,"column":37}},"type":"if","locations":[{"start":{"line":113,"column":2},"end":{"line":113,"column":37}},{"start":{},"end":{}}],"line":113},"4":{"loc":{"start":{"line":114,"column":2},"end":{"line":114,"column":41}},"type":"if","locations":[{"start":{"line":114,"column":2},"end":{"line":114,"column":41}},{"start":{},"end":{}}],"line":114},"5":{"loc":{"start":{"line":115,"column":2},"end":{"line":115,"column":37}},"type":"if","locations":[{"start":{"line":115,"column":2},"end":{"line":115,"column":37}},{"start":{},"end":{}}],"line":115}},"s":{"0":1,"1":1,"2":1,"3":1,"4":1,"5":2,"6":2,"7":2,"8":1,"9":1,"10":1,"11":1,"12":1,"13":1,"14":2,"15":1,"16":1,"17":0,"18":1,"19":2,"20":2,"21":2,"22":1,"23":1,"24":1,"25":0,"26":1,"27":2,"28":1,"29":2,"30":0,"31":1,"32":2,"33":0,"34":2,"35":2,"36":0,"37":0,"38":0,"39":1},"f":{"0":2,"1":2,"2":1,"3":2,"4":2,"5":2,"6":2},"b":{"0":[1,1],"1":[1,1],"2":[0,1],"3":[0,2],"4":[2,0],"5":[0,0]},"_coverageSchema":"1a1c01bbd47fc00a2c39e90264f33305004495a9","hash":"fe9d38c2f5fcd75f9685841938d3d1a035532828"}
}
