TN:
SF:server.js
FN:28,(anonymous_0)
FN:32,(anonymous_1)
FN:37,(anonymous_2)
FNF:3
FNH:0
FNDA:0,(anonymous_0)
FNDA:0,(anonymous_1)
FNDA:0,(anonymous_2)
DA:1,1
DA:2,1
DA:4,1
DA:5,1
DA:6,1
DA:7,1
DA:8,1
DA:9,1
DA:10,1
DA:12,1
DA:13,1
DA:15,1
DA:16,1
DA:19,1
DA:20,1
DA:21,1
DA:22,1
DA:23,1
DA:24,1
DA:25,1
DA:28,1
DA:29,0
DA:32,1
DA:33,0
DA:36,1
DA:37,0
DA:38,0
DA:39,0
DA:43,1
LF:29
LH:24
BRDA:13,0,0,1
BRDA:13,0,1,1
BRDA:36,1,0,0
BRDA:36,1,1,1
BRF:4
BRH:3
end_of_record
TN:
SF:middleware/mid_auth.js
FN:4,(anonymous_0)
FN:18,(anonymous_1)
FNF:2
FNH:2
FNDA:28,(anonymous_0)
FNDA:14,(anonymous_1)
DA:1,1
DA:2,1
DA:4,1
DA:5,28
DA:6,28
DA:7,5
DA:9,23
DA:10,23
DA:11,23
DA:12,23
DA:14,0
DA:18,1
DA:19,14
DA:20,4
DA:22,10
DA:25,1
LF:16
LH:15
BRDA:6,0,0,5
BRDA:6,0,1,23
BRDA:6,1,0,28
BRDA:6,1,1,23
BRDA:19,2,0,4
BRDA:19,2,1,10
BRF:6
BRH:6
end_of_record
TN:
SF:src/db.js
FNF:0
FNH:0
DA:1,1
DA:3,1
DA:15,1
LF:3
LH:3
BRF:0
BRH:0
end_of_record
TN:
SF:src/store.js
FN:81,(anonymous_0)
FN:82,(anonymous_1)
FN:83,(anonymous_2)
FN:84,(anonymous_3)
FN:85,(anonymous_4)
FNF:5
FNH:5
FNDA:4,(anonymous_0)
FNDA:2,(anonymous_1)
FNDA:20,(anonymous_2)
FNDA:36,(anonymous_3)
FNDA:8,(anonymous_4)
DA:4,4
DA:22,4
DA:51,4
DA:54,4
DA:57,4
DA:75,4
DA:76,4
DA:77,4
DA:78,4
DA:79,4
DA:81,4
DA:82,4
DA:83,20
DA:84,36
DA:85,8
DA:87,4
LF:16
LH:16
BRF:0
BRH:0
end_of_record
TN:
SF:src/modules/auth.js
FN:4,validateRegistration
FN:26,validateLogin
FN:35,register
FN:43,(anonymous_3)
FN:63,login
FN:68,(anonymous_5)
FNF:6
FNH:6
FNDA:14,validateRegistration
FNDA:7,validateLogin
FNDA:7,register
FNDA:14,(anonymous_3)
FNDA:7,login
FNDA:8,(anonymous_5)
DA:1,1
DA:5,14
DA:6,1
DA:7,13
DA:8,1
DA:10,12
DA:11,0
DA:12,12
DA:13,2
DA:15,10
DA:16,1
DA:17,9
DA:18,1
DA:19,8
DA:20,1
DA:22,7
DA:27,7
DA:28,1
DA:29,6
DA:30,1
DA:31,5
DA:36,7
DA:37,7
DA:39,6
DA:42,6
DA:43,14
DA:45,6
DA:47,4
DA:55,4
DA:58,4
DA:59,4
DA:64,7
DA:65,7
DA:67,5
DA:69,8
DA:73,5
DA:75,3
DA:76,3
DA:79,1
LF:39
LH:38
BRDA:5,0,0,1
BRDA:5,0,1,13
BRDA:5,1,0,14
BRDA:5,1,1,13
BRDA:5,1,2,13
BRDA:7,2,0,1
BRDA:7,2,1,12
BRDA:10,3,0,0
BRDA:10,3,1,12
BRDA:10,4,0,12
BRDA:10,4,1,12
BRDA:12,5,0,2
BRDA:12,5,1,10
BRDA:15,6,0,1
BRDA:15,6,1,9
BRDA:15,7,0,10
BRDA:15,7,1,9
BRDA:17,8,0,1
BRDA:17,8,1,8
BRDA:19,9,0,1
BRDA:19,9,1,7
BRDA:27,10,0,1
BRDA:27,10,1,6
BRDA:27,11,0,7
BRDA:27,11,1,6
BRDA:27,11,2,6
BRDA:29,12,0,1
BRDA:29,12,1,5
BRDA:29,13,0,6
BRDA:29,13,1,5
BRDA:29,13,2,5
BRDA:37,14,0,1
BRDA:37,14,1,6
BRDA:45,15,0,2
BRDA:45,15,1,4
BRDA:65,16,0,2
BRDA:65,16,1,5
BRDA:69,17,0,8
BRDA:69,17,1,4
BRDA:73,18,0,2
BRDA:73,18,1,3
BRF:41
BRH:40
end_of_record
TN:
SF:src/modules/history.js
FN:4,getUserHistory
FN:7,(anonymous_1)
FN:8,(anonymous_2)
FN:12,getAllHistory
FN:14,(anonymous_4)
FNF:5
FNH:5
FNDA:3,getUserHistory
FNDA:6,(anonymous_1)
FNDA:2,(anonymous_2)
FNDA:1,getAllHistory
FNDA:1,(anonymous_4)
DA:1,1
DA:5,3
DA:7,6
DA:8,2
DA:13,1
DA:14,1
DA:18,1
LF:7
LH:7
BRF:0
BRH:0
end_of_record
TN:
SF:src/modules/notifications.js
FN:4,triggerNotification
FN:18,getNotifications
FN:20,(anonymous_2)
FN:21,(anonymous_3)
FN:24,markRead
FN:26,(anonymous_5)
FN:33,markAllRead
FN:36,(anonymous_7)
FN:37,(anonymous_8)
FNF:9
FNH:9
FNDA:36,triggerNotification
FNDA:3,getNotifications
FNDA:4,(anonymous_2)
FNDA:1,(anonymous_3)
FNDA:2,markRead
FNDA:1,(anonymous_5)
FNDA:2,markAllRead
FNDA:4,(anonymous_7)
FNDA:3,(anonymous_8)
DA:1,2
DA:5,36
DA:13,36
DA:14,36
DA:19,3
DA:20,4
DA:21,1
DA:26,2
DA:27,2
DA:28,1
DA:29,1
DA:34,2
DA:36,4
DA:37,3
DA:38,2
DA:41,2
LF:16
LH:16
BRDA:27,0,0,1
BRDA:27,0,1,1
BRF:2
BRH:2
end_of_record
TN:
SF:src/modules/queue.js
FN:6,estimateWait
FN:11,getQueue
FN:15,(anonymous_2)
FN:16,(anonymous_3)
FN:20,joinQueue
FN:30,(anonymous_5)
FN:36,(anonymous_6)
FN:69,leaveQueue
FN:72,(anonymous_8)
FN:98,serveNext
FN:100,(anonymous_10)
FN:108,(anonymous_11)
FN:130,getUserStatus
FN:132,(anonymous_13)
FN:139,_recalcPositions
FN:141,(anonymous_15)
FN:144,(anonymous_16)
FN:145,(anonymous_17)
FN:154,_checkAlmostReady
FN:157,(anonymous_19)
FNF:20
FNH:20
FNDA:29,estimateWait
FNDA:40,getQueue
FNDA:27,(anonymous_2)
FNDA:10,(anonymous_3)
FNDA:25,joinQueue
FNDA:26,(anonymous_5)
FNDA:9,(anonymous_6)
FNDA:5,leaveQueue
FNDA:4,(anonymous_8)
FNDA:6,serveNext
FNDA:8,(anonymous_10)
FNDA:4,(anonymous_11)
FNDA:3,getUserStatus
FNDA:1,(anonymous_13)
FNDA:8,_recalcPositions
FNDA:8,(anonymous_15)
FNDA:5,(anonymous_16)
FNDA:7,(anonymous_17)
FNDA:4,_checkAlmostReady
FNDA:3,(anonymous_19)
DA:1,1
DA:2,1
DA:7,29
DA:8,28
DA:12,40
DA:13,40
DA:15,27
DA:16,10
DA:21,25
DA:24,25
DA:25,24
DA:26,1
DA:27,23
DA:30,26
DA:31,23
DA:32,22
DA:35,21
DA:36,9
DA:38,21
DA:40,20
DA:41,20
DA:42,20
DA:44,20
DA:56,20
DA:59,20
DA:65,20
DA:70,5
DA:71,5
DA:72,4
DA:74,5
DA:75,1
DA:77,4
DA:80,4
DA:89,4
DA:92,4
DA:94,4
DA:99,6
DA:100,8
DA:101,6
DA:103,5
DA:104,5
DA:105,1
DA:107,4
DA:108,4
DA:111,4
DA:120,4
DA:123,4
DA:124,4
DA:126,4
DA:131,3
DA:132,1
DA:134,3
DA:135,1
DA:140,8
DA:141,8
DA:142,8
DA:144,8
DA:145,7
DA:146,5
DA:147,5
DA:148,5
DA:155,4
DA:157,4
DA:158,3
DA:166,1
LF:65
LH:65
BRDA:7,0,0,1
BRDA:7,0,1,28
BRDA:15,1,0,27
BRDA:15,1,1,27
BRDA:24,2,0,1
BRDA:24,2,1,24
BRDA:25,3,0,1
BRDA:25,3,1,23
BRDA:25,4,0,24
BRDA:25,4,1,24
BRDA:25,4,2,24
BRDA:27,5,0,0
BRDA:27,5,1,23
BRDA:31,6,0,1
BRDA:31,6,1,22
BRDA:32,7,0,1
BRDA:32,7,1,21
BRDA:36,8,0,9
BRDA:36,8,1,1
BRDA:36,8,2,1
BRDA:38,9,0,1
BRDA:38,9,1,20
BRDA:72,10,0,4
BRDA:72,10,1,4
BRDA:72,10,2,4
BRDA:74,11,0,1
BRDA:74,11,1,4
BRDA:101,12,0,1
BRDA:101,12,1,5
BRDA:104,13,0,1
BRDA:104,13,1,4
BRDA:132,14,0,1
BRDA:132,14,1,1
BRDA:134,15,0,2
BRDA:134,15,1,1
BRDA:142,16,0,0
BRDA:142,16,1,8
BRDA:146,17,0,5
BRDA:146,17,1,0
BRF:39
BRH:36
end_of_record
TN:
SF:src/modules/services.js
FN:3,validateService
FN:30,listServices
FN:31,(anonymous_2)
FN:34,(anonymous_3)
FN:39,getServiceById
FN:40,(anonymous_5)
FN:45,(anonymous_6)
FN:50,createService
FN:67,updateService
FN:68,(anonymous_9)
FN:94,toggleServiceOpen
FN:95,(anonymous_11)
FNF:12
FNH:8
FNDA:14,validateService
FNDA:3,listServices
FNDA:10,(anonymous_2)
FNDA:0,(anonymous_3)
FNDA:4,getServiceById
FNDA:6,(anonymous_5)
FNDA:0,(anonymous_6)
FNDA:3,createService
FNDA:0,updateService
FNDA:0,(anonymous_9)
FNDA:2,toggleServiceOpen
FNDA:4,(anonymous_11)
DA:1,1
DA:4,14
DA:5,2
DA:6,12
DA:7,1
DA:9,11
DA:10,1
DA:11,10
DA:12,1
DA:14,9
DA:15,9
DA:16,0
DA:17,9
DA:18,1
DA:19,8
DA:20,1
DA:22,7
DA:23,7
DA:24,1
DA:26,6
DA:31,10
DA:34,0
DA:40,6
DA:41,4
DA:42,3
DA:45,0
DA:51,3
DA:52,3
DA:54,2
DA:63,2
DA:64,2
DA:68,0
DA:69,0
DA:72,0
DA:73,0
DA:74,0
DA:75,0
DA:79,0
DA:85,0
DA:86,0
DA:87,0
DA:90,0
DA:91,0
DA:95,4
DA:96,2
DA:98,1
DA:99,1
DA:102,1
LF:48
LH:33
BRDA:4,0,0,2
BRDA:4,0,1,12
BRDA:4,1,0,14
BRDA:4,1,1,12
BRDA:4,1,2,12
BRDA:6,2,0,1
BRDA:6,2,1,11
BRDA:9,3,0,1
BRDA:9,3,1,10
BRDA:9,4,0,11
BRDA:9,4,1,10
BRDA:9,4,2,10
BRDA:11,5,0,1
BRDA:11,5,1,9
BRDA:15,6,0,0
BRDA:15,6,1,9
BRDA:15,7,0,9
BRDA:15,7,1,1
BRDA:17,8,0,1
BRDA:17,8,1,8
BRDA:17,9,0,9
BRDA:17,9,1,9
BRDA:19,10,0,1
BRDA:19,10,1,7
BRDA:23,11,0,1
BRDA:23,11,1,6
BRDA:23,12,0,7
BRDA:23,12,1,7
BRDA:34,13,0,0
BRDA:34,13,1,0
BRDA:41,14,0,1
BRDA:41,14,1,3
BRDA:45,15,0,0
BRDA:45,15,1,0
BRDA:52,16,0,1
BRDA:52,16,1,2
BRDA:69,17,0,0
BRDA:69,17,1,0
BRDA:75,18,0,0
BRDA:75,18,1,0
BRDA:79,19,0,0
BRDA:79,19,1,0
BRDA:80,20,0,0
BRDA:80,20,1,0
BRDA:80,20,2,0
BRDA:80,20,3,0
BRDA:87,21,0,0
BRDA:87,21,1,0
BRDA:96,22,0,1
BRDA:96,22,1,1
BRF:50
BRH:33
end_of_record
TN:
SF:src/routes/auth.js
FN:9,(anonymous_0)
FN:41,(anonymous_1)
FNF:2
FNH:2
FNDA:3,(anonymous_0)
FNDA:5,(anonymous_1)
DA:1,1
DA:2,1
DA:3,1
DA:4,1
DA:5,1
DA:6,1
DA:9,1
DA:10,3
DA:11,3
DA:12,1
DA:13,2
DA:14,0
DA:15,2
DA:16,1
DA:17,1
DA:18,1
DA:20,0
DA:21,0
DA:25,0
DA:26,0
DA:28,0
DA:29,0
DA:34,0
DA:36,0
DA:41,1
DA:42,5
DA:43,5
DA:44,1
DA:45,4
DA:46,1
DA:47,3
DA:48,0
DA:50,3
DA:51,3
DA:55,3
DA:56,0
DA:58,3
DA:59,3
DA:60,3
DA:61,1
DA:63,2
DA:69,2
DA:71,0
DA:75,1
LF:44
LH:32
BRDA:11,0,0,1
BRDA:11,0,1,2
BRDA:11,1,0,3
BRDA:11,1,1,2
BRDA:13,2,0,0
BRDA:13,2,1,2
BRDA:15,3,0,1
BRDA:15,3,1,1
BRDA:15,4,0,2
BRDA:15,4,1,2
BRDA:17,5,0,1
BRDA:17,5,1,0
BRDA:17,6,0,1
BRDA:17,6,1,1
BRDA:25,7,0,0
BRDA:25,7,1,0
BRDA:43,8,0,1
BRDA:43,8,1,4
BRDA:43,9,0,5
BRDA:43,9,1,4
BRDA:45,10,0,1
BRDA:45,10,1,3
BRDA:47,11,0,0
BRDA:47,11,1,3
BRDA:55,12,0,0
BRDA:55,12,1,3
BRDA:60,13,0,1
BRDA:60,13,1,2
BRF:28
BRH:22
end_of_record
TN:
SF:src/routes/history.js
FN:7,(anonymous_0)
FN:24,(anonymous_1)
FNF:2
FNH:1
FNDA:1,(anonymous_0)
FNDA:0,(anonymous_1)
DA:1,1
DA:2,1
DA:3,1
DA:4,1
DA:7,1
DA:8,1
DA:9,1
DA:17,1
DA:19,0
DA:24,1
DA:25,0
DA:26,0
DA:33,0
DA:35,0
DA:39,1
LF:15
LH:10
BRF:0
BRH:0
end_of_record
TN:
SF:src/routes/notifications.js
FN:7,(anonymous_0)
FN:23,(anonymous_1)
FN:43,(anonymous_2)
FNF:3
FNH:1
FNDA:1,(anonymous_0)
FNDA:0,(anonymous_1)
FNDA:0,(anonymous_2)
DA:1,1
DA:2,1
DA:3,1
DA:4,1
DA:7,1
DA:8,1
DA:9,1
DA:16,1
DA:18,0
DA:23,1
DA:24,0
DA:25,0
DA:29,0
DA:30,0
DA:32,0
DA:36,0
DA:38,0
DA:43,1
DA:44,0
DA:45,0
DA:49,0
DA:51,0
DA:55,1
LF:23
LH:11
BRDA:29,0,0,0
BRDA:29,0,1,0
BRF:2
BRH:0
end_of_record
TN:
SF:src/routes/queue.js
FN:7,(anonymous_0)
FN:24,(anonymous_1)
FN:80,(anonymous_2)
FN:128,(anonymous_3)
FN:184,(anonymous_4)
FNF:5
FNH:2
FNDA:0,(anonymous_0)
FNDA:2,(anonymous_1)
FNDA:0,(anonymous_2)
FNDA:1,(anonymous_3)
FNDA:0,(anonymous_4)
DA:1,1
DA:2,1
DA:3,1
DA:4,1
DA:7,1
DA:8,0
DA:9,0
DA:17,0
DA:19,0
DA:24,1
DA:25,2
DA:26,2
DA:27,2
DA:29,2
DA:30,1
DA:32,1
DA:33,1
DA:37,1
DA:38,1
DA:40,0
DA:41,0
DA:42,0
DA:44,0
DA:48,0
DA:49,0
DA:51,0
DA:55,0
DA:56,0
DA:58,0
DA:64,0
DA:69,0
DA:73,0
DA:75,0
DA:80,1
DA:81,0
DA:83,0
DA:84,0
DA:91,0
DA:92,0
DA:94,0
DA:95,0
DA:98,0
DA:102,0
DA:103,0
DA:110,0
DA:116,0
DA:121,0
DA:123,0
DA:128,1
DA:130,1
DA:131,1
DA:135,1
DA:136,0
DA:138,1
DA:142,1
DA:143,0
DA:145,1
DA:146,1
DA:152,1
DA:158,1
DA:164,1
DA:168,1
DA:169,2
DA:176,1
DA:177,1
DA:179,0
DA:184,1
DA:186,0
DA:187,0
DA:194,0
DA:195,0
DA:197,0
DA:201,1
LF:73
LH:33
BRDA:29,0,0,1
BRDA:29,0,1,1
BRDA:37,1,0,1
BRDA:37,1,1,0
BRDA:41,2,0,0
BRDA:41,2,1,0
BRDA:48,3,0,0
BRDA:48,3,1,0
BRDA:91,4,0,0
BRDA:91,4,1,0
BRDA:135,5,0,0
BRDA:135,5,1,1
BRDA:142,6,0,0
BRDA:142,6,1,1
BRDA:194,7,0,0
BRDA:194,7,1,0
BRF:16
BRH:5
end_of_record
TN:
SF:src/routes/reports.js
FN:7,(anonymous_0)
FN:28,(anonymous_1)
FN:50,(anonymous_2)
FN:73,(anonymous_3)
FNF:4
FNH:4
FNDA:1,(anonymous_0)
FNDA:1,(anonymous_1)
FNDA:1,(anonymous_2)
FNDA:3,(anonymous_3)
DA:1,1
DA:2,1
DA:3,1
DA:4,1
DA:7,1
DA:8,1
DA:9,1
DA:10,1
DA:11,1
DA:12,1
DA:13,1
DA:15,1
DA:23,0
DA:28,1
DA:29,1
DA:30,1
DA:43,1
DA:45,0
DA:50,1
DA:51,1
DA:52,1
DA:65,1
DA:67,0
DA:73,1
DA:74,3
DA:75,3
DA:77,3
DA:87,3
DA:89,3
DA:90,3
DA:91,3
DA:93,3
DA:95,3
DA:96,3
DA:98,0
DA:102,1
LF:36
LH:32
BRDA:20,0,0,1
BRDA:20,0,1,0
BRDA:89,1,0,1
BRDA:89,1,1,2
BRDA:90,2,0,1
BRDA:90,2,1,2
BRDA:91,3,0,1
BRDA:91,3,1,2
BRF:8
BRH:7
end_of_record
TN:
SF:src/routes/services.js
FN:7,(anonymous_0)
FN:17,(anonymous_1)
FN:31,(anonymous_2)
FN:69,(anonymous_3)
FN:101,(anonymous_4)
FNF:5
FNH:2
FNDA:1,(anonymous_0)
FNDA:0,(anonymous_1)
FNDA:3,(anonymous_2)
FNDA:0,(anonymous_3)
FNDA:0,(anonymous_4)
DA:1,1
DA:2,1
DA:3,1
DA:4,1
DA:7,1
DA:8,1
DA:9,1
DA:10,1
DA:12,0
DA:17,1
DA:18,0
DA:19,0
DA:23,0
DA:24,0
DA:25,0
DA:27,0
DA:31,1
DA:32,3
DA:34,3
DA:35,1
DA:36,2
DA:37,0
DA:38,2
DA:39,0
DA:40,2
DA:41,1
DA:42,1
DA:43,1
DA:45,0
DA:46,0
DA:50,0
DA:51,0
DA:53,0
DA:58,0
DA:62,0
DA:64,0
DA:69,1
DA:70,0
DA:71,0
DA:75,0
DA:76,0
DA:78,0
DA:79,0
DA:81,0
DA:82,0
DA:83,0
DA:84,0
DA:86,0
DA:91,0
DA:95,0
DA:97,0
DA:101,1
DA:102,0
DA:103,0
DA:107,0
DA:108,0
DA:110,0
DA:111,0
DA:116,0
DA:120,0
DA:122,0
DA:125,1
LF:62
LH:22
BRDA:23,0,0,0
BRDA:23,0,1,0
BRDA:34,1,0,1
BRDA:34,1,1,2
BRDA:34,2,0,3
BRDA:34,2,1,2
BRDA:36,3,0,0
BRDA:36,3,1,2
BRDA:38,4,0,0
BRDA:38,4,1,2
BRDA:38,5,0,2
BRDA:38,5,1,2
BRDA:40,6,0,1
BRDA:40,6,1,1
BRDA:40,7,0,2
BRDA:40,7,1,2
BRDA:42,8,0,1
BRDA:42,8,1,0
BRDA:50,9,0,0
BRDA:50,9,1,0
BRDA:75,10,0,0
BRDA:75,10,1,0
BRDA:81,11,0,0
BRDA:81,11,1,0
BRDA:82,12,0,0
BRDA:82,12,1,0
BRDA:83,13,0,0
BRDA:83,13,1,0
BRDA:84,14,0,0
BRDA:84,14,1,0
BRDA:107,15,0,0
BRDA:107,15,1,0
BRF:32
BRH:13
end_of_record
TN:
SF:src/routes/smart.js
FN:8,(anonymous_0)
FN:40,(anonymous_1)
FN:48,(anonymous_2)
FN:65,(anonymous_3)
FN:96,(anonymous_4)
FN:104,(anonymous_5)
FN:112,(anonymous_6)
FNF:7
FNH:7
FNDA:2,(anonymous_0)
FNDA:2,(anonymous_1)
FNDA:1,(anonymous_2)
FNDA:2,(anonymous_3)
FNDA:2,(anonymous_4)
FNDA:2,(anonymous_5)
FNDA:2,(anonymous_6)
DA:1,1
DA:2,1
DA:3,1
DA:4,1
DA:8,1
DA:9,2
DA:10,2
DA:14,2
DA:15,1
DA:17,1
DA:20,1
DA:24,1
DA:27,1
DA:40,2
DA:42,1
DA:48,1
DA:59,0
DA:65,1
DA:66,2
DA:67,2
DA:71,2
DA:72,1
DA:75,1
DA:87,1
DA:88,0
DA:96,2
DA:102,1
DA:104,2
DA:108,0
DA:112,1
DA:113,2
DA:114,2
DA:115,0
DA:116,0
DA:119,1
LF:35
LH:30
BRDA:14,0,0,1
BRDA:14,0,1,1
BRDA:71,1,0,1
BRDA:71,1,1,1
BRDA:87,2,0,0
BRDA:87,2,1,1
BRDA:113,3,0,0
BRDA:113,3,1,2
BRDA:114,4,0,2
BRDA:114,4,1,0
BRDA:115,5,0,0
BRDA:115,5,1,0
BRF:12
BRH:7
end_of_record
