TN:
SF:src/store.js
FN:81,(anonymous_0)
FN:82,(anonymous_1)
FN:83,(anonymous_2)
FN:84,(anonymous_3)
FN:85,(anonymous_4)
FNF:5
FNH:5
FNDA:4,(anonymous_0)
FNDA:2,(anonymous_1)
FNDA:20,(anonymous_2)
FNDA:36,(anonymous_3)
FNDA:8,(anonymous_4)
DA:4,4
DA:22,4
DA:51,4
DA:54,4
DA:57,4
DA:75,4
DA:76,4
DA:77,4
DA:78,4
DA:79,4
DA:81,4
DA:82,4
DA:83,20
DA:84,36
DA:85,8
DA:87,4
LF:16
LH:16
BRF:0
BRH:0
end_of_record
TN:
SF:src/modules/auth.js
FN:4,validateRegistration
FN:26,validateLogin
FN:35,register
FN:43,(anonymous_3)
FN:63,login
FN:68,(anonymous_5)
FNF:6
FNH:6
FNDA:14,validateRegistration
FNDA:7,validateLogin
FNDA:7,register
FNDA:14,(anonymous_3)
FNDA:7,login
FNDA:8,(anonymous_5)
DA:1,1
DA:5,14
DA:6,1
DA:7,13
DA:8,1
DA:10,12
DA:11,0
DA:12,12
DA:13,2
DA:15,10
DA:16,1
DA:17,9
DA:18,1
DA:19,8
DA:20,1
DA:22,7
DA:27,7
DA:28,1
DA:29,6
DA:30,1
DA:31,5
DA:36,7
DA:37,7
DA:39,6
DA:42,6
DA:43,14
DA:45,6
DA:47,4
DA:55,4
DA:58,4
DA:59,4
DA:64,7
DA:65,7
DA:67,5
DA:69,8
DA:73,5
DA:75,3
DA:76,3
DA:79,1
LF:39
LH:38
BRDA:5,0,0,1
BRDA:5,0,1,13
BRDA:5,1,0,14
BRDA:5,1,1,13
BRDA:5,1,2,13
BRDA:7,2,0,1
BRDA:7,2,1,12
BRDA:10,3,0,0
BRDA:10,3,1,12
BRDA:10,4,0,12
BRDA:10,4,1,12
BRDA:12,5,0,2
BRDA:12,5,1,10
BRDA:15,6,0,1
BRDA:15,6,1,9
BRDA:15,7,0,10
BRDA:15,7,1,9
BRDA:17,8,0,1
BRDA:17,8,1,8
BRDA:19,9,0,1
BRDA:19,9,1,7
BRDA:27,10,0,1
BRDA:27,10,1,6
BRDA:27,11,0,7
BRDA:27,11,1,6
BRDA:27,11,2,6
BRDA:29,12,0,1
BRDA:29,12,1,5
BRDA:29,13,0,6
BRDA:29,13,1,5
BRDA:29,13,2,5
BRDA:37,14,0,1
BRDA:37,14,1,6
BRDA:45,15,0,2
BRDA:45,15,1,4
BRDA:65,16,0,2
BRDA:65,16,1,5
BRDA:69,17,0,8
BRDA:69,17,1,4
BRDA:73,18,0,2
BRDA:73,18,1,3
BRF:41
BRH:40
end_of_record
TN:
SF:src/modules/history.js
FN:11,getUserHistory
FN:13,(anonymous_1)
FN:14,(anonymous_2)
FN:20,getAllHistory
FN:22,(anonymous_4)
FNF:5
FNH:5
FNDA:3,getUserHistory
FNDA:6,(anonymous_1)
FNDA:2,(anonymous_2)
FNDA:1,getAllHistory
FNDA:1,(anonymous_4)
DA:6,1
DA:12,3
DA:13,6
DA:14,2
DA:21,1
DA:22,1
DA:26,1
LF:7
LH:7
BRF:0
BRH:0
end_of_record
TN:
SF:src/modules/notifications.js
FN:4,triggerNotification
FN:18,getNotifications
FN:20,(anonymous_2)
FN:21,(anonymous_3)
FN:24,markRead
FN:26,(anonymous_5)
FN:33,markAllRead
FN:36,(anonymous_7)
FN:37,(anonymous_8)
FNF:9
FNH:9
FNDA:36,triggerNotification
FNDA:3,getNotifications
FNDA:4,(anonymous_2)
FNDA:1,(anonymous_3)
FNDA:2,markRead
FNDA:1,(anonymous_5)
FNDA:2,markAllRead
FNDA:4,(anonymous_7)
FNDA:3,(anonymous_8)
DA:1,2
DA:5,36
DA:13,36
DA:14,36
DA:19,3
DA:20,4
DA:21,1
DA:26,2
DA:27,2
DA:28,1
DA:29,1
DA:34,2
DA:36,4
DA:37,3
DA:38,2
DA:41,2
LF:16
LH:16
BRDA:27,0,0,1
BRDA:27,0,1,1
BRF:2
BRH:2
end_of_record
TN:
SF:src/modules/queue.js
FN:13,estimateWait
FN:18,getQueue
FN:22,(anonymous_2)
FN:23,(anonymous_3)
FN:27,joinQueue
FN:37,(anonymous_5)
FN:43,(anonymous_6)
FN:76,leaveQueue
FN:79,(anonymous_8)
FN:105,serveNext
FN:107,(anonymous_10)
FN:115,(anonymous_11)
FN:137,getUserStatus
FN:139,(anonymous_13)
FN:146,_recalcPositions
FN:148,(anonymous_15)
FN:151,(anonymous_16)
FN:152,(anonymous_17)
FN:161,_checkAlmostReady
FN:164,(anonymous_19)
FNF:20
FNH:20
FNDA:29,estimateWait
FNDA:40,getQueue
FNDA:27,(anonymous_2)
FNDA:10,(anonymous_3)
FNDA:25,joinQueue
FNDA:26,(anonymous_5)
FNDA:9,(anonymous_6)
FNDA:5,leaveQueue
FNDA:4,(anonymous_8)
FNDA:6,serveNext
FNDA:8,(anonymous_10)
FNDA:4,(anonymous_11)
FNDA:3,getUserStatus
FNDA:1,(anonymous_13)
FNDA:8,_recalcPositions
FNDA:8,(anonymous_15)
FNDA:5,(anonymous_16)
FNDA:7,(anonymous_17)
FNDA:4,_checkAlmostReady
FNDA:3,(anonymous_19)
DA:6,1
DA:7,1
DA:14,29
DA:15,28
DA:19,40
DA:20,40
DA:22,27
DA:23,10
DA:28,25
DA:31,25
DA:32,24
DA:33,1
DA:34,23
DA:37,26
DA:38,23
DA:39,22
DA:42,21
DA:43,9
DA:45,21
DA:47,20
DA:48,20
DA:49,20
DA:51,20
DA:63,20
DA:66,20
DA:72,20
DA:77,5
DA:78,5
DA:79,4
DA:81,5
DA:82,1
DA:84,4
DA:87,4
DA:96,4
DA:99,4
DA:101,4
DA:106,6
DA:107,8
DA:108,6
DA:110,5
DA:111,5
DA:112,1
DA:114,4
DA:115,4
DA:118,4
DA:127,4
DA:130,4
DA:131,4
DA:133,4
DA:138,3
DA:139,1
DA:141,3
DA:142,1
DA:147,8
DA:148,8
DA:149,8
DA:151,8
DA:152,7
DA:153,5
DA:154,5
DA:155,5
DA:162,4
DA:164,4
DA:165,3
DA:173,1
LF:65
LH:65
BRDA:14,0,0,1
BRDA:14,0,1,28
BRDA:22,1,0,27
BRDA:22,1,1,27
BRDA:31,2,0,1
BRDA:31,2,1,24
BRDA:32,3,0,1
BRDA:32,3,1,23
BRDA:32,4,0,24
BRDA:32,4,1,24
BRDA:32,4,2,24
BRDA:34,5,0,0
BRDA:34,5,1,23
BRDA:38,6,0,1
BRDA:38,6,1,22
BRDA:39,7,0,1
BRDA:39,7,1,21
BRDA:43,8,0,9
BRDA:43,8,1,1
BRDA:43,8,2,1
BRDA:45,9,0,1
BRDA:45,9,1,20
BRDA:79,10,0,4
BRDA:79,10,1,4
BRDA:79,10,2,4
BRDA:81,11,0,1
BRDA:81,11,1,4
BRDA:108,12,0,1
BRDA:108,12,1,5
BRDA:111,13,0,1
BRDA:111,13,1,4
BRDA:139,14,0,1
BRDA:139,14,1,1
BRDA:141,15,0,2
BRDA:141,15,1,1
BRDA:149,16,0,0
BRDA:149,16,1,8
BRDA:153,17,0,5
BRDA:153,17,1,0
BRF:39
BRH:36
end_of_record
TN:
SF:src/modules/services.js
FN:3,validateService
FN:30,listServices
FN:31,(anonymous_2)
FN:34,(anonymous_3)
FN:39,getServiceById
FN:40,(anonymous_5)
FN:45,(anonymous_6)
FN:50,createService
FN:67,updateService
FN:68,(anonymous_9)
FN:94,toggleServiceOpen
FN:95,(anonymous_11)
FNF:12
FNH:8
FNDA:14,validateService
FNDA:3,listServices
FNDA:10,(anonymous_2)
FNDA:0,(anonymous_3)
FNDA:4,getServiceById
FNDA:6,(anonymous_5)
FNDA:0,(anonymous_6)
FNDA:3,createService
FNDA:0,updateService
FNDA:0,(anonymous_9)
FNDA:2,toggleServiceOpen
FNDA:4,(anonymous_11)
DA:1,1
DA:4,14
DA:5,2
DA:6,12
DA:7,1
DA:9,11
DA:10,1
DA:11,10
DA:12,1
DA:14,9
DA:15,9
DA:16,0
DA:17,9
DA:18,1
DA:19,8
DA:20,1
DA:22,7
DA:23,7
DA:24,1
DA:26,6
DA:31,10
DA:34,0
DA:40,6
DA:41,4
DA:42,3
DA:45,0
DA:51,3
DA:52,3
DA:54,2
DA:63,2
DA:64,2
DA:68,0
DA:69,0
DA:72,0
DA:73,0
DA:74,0
DA:75,0
DA:79,0
DA:85,0
DA:86,0
DA:87,0
DA:90,0
DA:91,0
DA:95,4
DA:96,2
DA:98,1
DA:99,1
DA:102,1
LF:48
LH:33
BRDA:4,0,0,2
BRDA:4,0,1,12
BRDA:4,1,0,14
BRDA:4,1,1,12
BRDA:4,1,2,12
BRDA:6,2,0,1
BRDA:6,2,1,11
BRDA:9,3,0,1
BRDA:9,3,1,10
BRDA:9,4,0,11
BRDA:9,4,1,10
BRDA:9,4,2,10
BRDA:11,5,0,1
BRDA:11,5,1,9
BRDA:15,6,0,0
BRDA:15,6,1,9
BRDA:15,7,0,9
BRDA:15,7,1,1
BRDA:17,8,0,1
BRDA:17,8,1,8
BRDA:17,9,0,9
BRDA:17,9,1,9
BRDA:19,10,0,1
BRDA:19,10,1,7
BRDA:23,11,0,1
BRDA:23,11,1,6
BRDA:23,12,0,7
BRDA:23,12,1,7
BRDA:34,13,0,0
BRDA:34,13,1,0
BRDA:41,14,0,1
BRDA:41,14,1,3
BRDA:45,15,0,0
BRDA:45,15,1,0
BRDA:52,16,0,1
BRDA:52,16,1,2
BRDA:69,17,0,0
BRDA:69,17,1,0
BRDA:75,18,0,0
BRDA:75,18,1,0
BRDA:79,19,0,0
BRDA:79,19,1,0
BRDA:80,20,0,0
BRDA:80,20,1,0
BRDA:80,20,2,0
BRDA:80,20,3,0
BRDA:87,21,0,0
BRDA:87,21,1,0
BRDA:96,22,0,1
BRDA:96,22,1,1
BRF:50
BRH:33
end_of_record
